2025-05-05 10:16:02 INFO  BasePage:24 - ******* ProductsTests started ********
2025-05-05 10:16:02 INFO  BasePage:31 - ******* LoginTests started ********
2025-05-05 10:16:03 INFO  BasePage:52 - Finding element: 
2025-05-05 10:16:03 INFO  BasePage:52 - Finding element: 
2025-05-05 10:16:04 INFO  BasePage:52 - Finding element: 
2025-05-05 10:16:04 INFO  BasePage:52 - Finding element: 
2025-05-05 10:16:04 INFO  BasePage:23 - Login successful for user: {} By.id: user-name
2025-05-05 10:16:04 WARN  BasePage:101 - Element not found for display check: By.cssSelector: span.shopping_cart_badge
2025-05-05 10:16:04 INFO  BasePage:52 - Finding element: 
2025-05-05 10:16:04 INFO  BasePage:52 - Finding element: 
2025-05-05 10:16:04 INFO  BasePage:52 - Finding element: 
2025-05-05 10:16:04 INFO  BasePage:65 - Clicked on element: By.xpath: //a/div[text()='Sauce Labs Backpack']
2025-05-05 10:16:04 INFO  BasePage:52 - Finding element: 
2025-05-05 10:16:04 INFO  BasePage:65 - Clicked on element: By.id: add-to-cart
2025-05-05 10:16:04 WARN  BasePage:31 - Login failed for user: {} By.id: user-name
2025-05-05 10:16:04 INFO  BasePage:52 - Finding element: 
2025-05-05 10:16:04 INFO  BasePage:98 - Element displayed status for By.cssSelector: span.shopping_cart_badge: true
2025-05-05 10:16:04 INFO  BasePage:52 - Finding element: 
2025-05-05 10:16:04 INFO  BasePage:87 - Got text '1' from element: By.cssSelector: span.shopping_cart_badge
2025-05-05 10:16:04 INFO  BasePage:52 - Finding element: 
2025-05-05 10:16:04 INFO  BasePage:65 - Clicked on element: By.cssSelector: a.shopping_cart_link
2025-05-05 10:16:04 INFO  BasePage:52 - Finding element: 
2025-05-05 10:16:04 INFO  BasePage:87 - Got text '1' from element: By.xpath: //div[text()='Sauce Labs Backpack']/parent::a/parent::div/preceding-sibling::div[@data-test="item-quantity"]
2025-05-05 10:16:04 INFO  BasePage:52 - Finding element: 
2025-05-05 10:16:04 INFO  BasePage:65 - Clicked on element: By.cssSelector: a.shopping_cart_link
2025-05-05 10:16:04 INFO  BasePage:52 - Finding element: 
2025-05-05 10:16:05 INFO  BasePage:65 - Clicked on element: By.id: checkout
2025-05-05 10:16:05 INFO  BasePage:52 - Finding element: 
2025-05-05 10:16:05 INFO  BasePage:77 - Typed 'Gaye' into element: By.cssSelector: [placeholder="First Name"]
2025-05-05 10:16:05 INFO  BasePage:52 - Finding element: 
2025-05-05 10:16:05 INFO  BasePage:31 - ******* LoginTests started ********
2025-05-05 10:16:05 INFO  BasePage:77 - Typed 'Zieme' into element: By.cssSelector: [placeholder="Last Name"]
2025-05-05 10:16:05 INFO  BasePage:52 - Finding element: 
2025-05-05 10:16:05 INFO  BasePage:52 - Finding element: 
2025-05-05 10:16:05 INFO  BasePage:52 - Finding element: 
2025-05-05 10:16:05 INFO  BasePage:77 - Typed '31549' into element: By.cssSelector: [placeholder="Zip/Postal Code"]
2025-05-05 10:16:05 INFO  BasePage:52 - Finding element: 
2025-05-05 10:16:05 INFO  BasePage:52 - Finding element: 
2025-05-05 10:16:05 INFO  BasePage:23 - Login successful for user: {} By.id: user-name
2025-05-05 10:16:05 INFO  BasePage:65 - Clicked on element: By.cssSelector: input[value="Continue"]
2025-05-05 10:16:05 INFO  BasePage:52 - Finding element: 
2025-05-05 10:16:05 INFO  BasePage:52 - Finding element: 
2025-05-05 10:16:05 INFO  BasePage:87 - Got text 'Products' from element: By.className: title
2025-05-05 10:16:05 INFO  BasePage:31 - ******* LoginTests started ********
2025-05-05 10:16:06 INFO  BasePage:65 - Clicked on element: By.id: finish
2025-05-05 10:16:06 INFO  BasePage:52 - Finding element: 
2025-05-05 10:16:06 INFO  BasePage:52 - Finding element: 
2025-05-05 10:16:06 INFO  BasePage:87 - Got text 'Thank you for your order!' from element: By.cssSelector: h2.complete-header
2025-05-05 10:16:06 INFO  BasePage:52 - Finding element: 
2025-05-05 10:16:06 INFO  BasePage:52 - Finding element: 
2025-05-05 10:16:06 INFO  BasePage:81 - ******* Tests completed ********
2025-05-05 10:16:06 INFO  BasePage:23 - Login successful for user: {} By.id: user-name
2025-05-05 10:16:06 INFO  BasePage:52 - Finding element: 
2025-05-05 10:16:06 INFO  BasePage:87 - Got text 'Products' from element: By.className: title
2025-05-05 10:16:06 INFO  BasePage:31 - ******* LoginTests started ********
2025-05-05 10:16:06 INFO  BasePage:52 - Finding element: 
2025-05-05 10:16:06 INFO  BasePage:52 - Finding element: 
2025-05-05 10:16:06 INFO  BasePage:52 - Finding element: 
2025-05-05 10:16:11 INFO  BasePage:23 - Login successful for user: {} By.id: user-name
2025-05-05 10:16:11 INFO  BasePage:52 - Finding element: 
2025-05-05 10:16:11 INFO  BasePage:87 - Got text 'Products' from element: By.className: title
2025-05-05 10:16:11 INFO  BasePage:81 - ******* Tests completed ********
2025-05-05 10:40:46 INFO  BasePage:24 - ******* ProductsTests started ********
2025-05-05 10:40:46 INFO  BasePage:32 - ******* LoginTests started ********
2025-05-05 10:40:47 INFO  BasePage:52 - Finding element: 
2025-05-05 10:40:47 INFO  BasePage:52 - Finding element: 
2025-05-05 10:40:48 INFO  BasePage:52 - Finding element: 
2025-05-05 10:40:48 INFO  BasePage:52 - Finding element: 
2025-05-05 10:40:48 INFO  BasePage:52 - Finding element: 
2025-05-05 10:40:48 INFO  BasePage:52 - Finding element: 
2025-05-05 10:40:49 WARN  BasePage:31 - Login failed for user: {} By.id: user-name
2025-05-05 10:40:49 INFO  BasePage:52 - Finding element: 
2025-05-05 10:40:49 INFO  BasePage:23 - Login successful for user: {} By.id: user-name
2025-05-05 10:40:49 INFO  BasePage:32 - ******* LoginTests started ********
2025-05-05 10:40:49 WARN  BasePage:101 - Element not found for display check: By.cssSelector: span.shopping_cart_badge
2025-05-05 10:40:49 INFO  BasePage:52 - Finding element: 
2025-05-05 10:40:49 INFO  BasePage:52 - Finding element: 
2025-05-05 10:40:49 INFO  BasePage:65 - Clicked on element: By.xpath: //a/div[text()='Sauce Labs Backpack']
2025-05-05 10:40:49 INFO  BasePage:52 - Finding element: 
2025-05-05 10:40:49 INFO  BasePage:52 - Finding element: 
2025-05-05 10:40:49 INFO  BasePage:65 - Clicked on element: By.id: add-to-cart
2025-05-05 10:40:49 INFO  BasePage:52 - Finding element: 
2025-05-05 10:40:49 INFO  BasePage:98 - Element displayed status for By.cssSelector: span.shopping_cart_badge: true
2025-05-05 10:40:49 INFO  BasePage:52 - Finding element: 
2025-05-05 10:40:49 INFO  BasePage:87 - Got text '1' from element: By.cssSelector: span.shopping_cart_badge
2025-05-05 10:40:49 INFO  BasePage:52 - Finding element: 
2025-05-05 10:40:49 WARN  BasePage:31 - Login failed for user: {} By.id: user-name
2025-05-05 10:40:49 INFO  BasePage:52 - Finding element: 
2025-05-05 10:40:49 INFO  BasePage:32 - ******* LoginTests started ********
2025-05-05 10:40:49 INFO  BasePage:65 - Clicked on element: By.cssSelector: a.shopping_cart_link
2025-05-05 10:40:49 INFO  BasePage:52 - Finding element: 
2025-05-05 10:40:49 INFO  BasePage:52 - Finding element: 
2025-05-05 10:40:49 INFO  BasePage:87 - Got text '1' from element: By.xpath: //div[text()='Sauce Labs Backpack']/parent::a/parent::div/preceding-sibling::div[@data-test="item-quantity"]
2025-05-05 10:40:49 INFO  BasePage:52 - Finding element: 
2025-05-05 10:40:49 INFO  BasePage:52 - Finding element: 
2025-05-05 10:40:50 INFO  BasePage:65 - Clicked on element: By.cssSelector: a.shopping_cart_link
2025-05-05 10:40:50 INFO  BasePage:52 - Finding element: 
2025-05-05 10:40:50 INFO  BasePage:52 - Finding element: 
2025-05-05 10:40:50 INFO  BasePage:65 - Clicked on element: By.id: checkout
2025-05-05 10:40:50 WARN  BasePage:31 - Login failed for user: {} By.id: user-name
2025-05-05 10:40:50 INFO  BasePage:52 - Finding element: 
2025-05-05 10:40:50 INFO  BasePage:32 - ******* LoginTests started ********
2025-05-05 10:40:50 INFO  BasePage:52 - Finding element: 
2025-05-05 10:40:50 INFO  BasePage:52 - Finding element: 
2025-05-05 10:40:50 INFO  BasePage:52 - Finding element: 
2025-05-05 10:40:50 INFO  BasePage:52 - Finding element: 
2025-05-05 10:40:50 WARN  BasePage:31 - Login failed for user: {} By.id: user-name
2025-05-05 10:40:50 INFO  BasePage:52 - Finding element: 
2025-05-05 10:40:51 INFO  BasePage:77 - Typed 'Christian' into element: By.cssSelector: [placeholder="First Name"]
2025-05-05 10:40:51 INFO  BasePage:52 - Finding element: 
2025-05-05 10:40:51 INFO  BasePage:77 - Typed 'Herzog' into element: By.cssSelector: [placeholder="Last Name"]
2025-05-05 10:40:51 INFO  BasePage:52 - Finding element: 
2025-05-05 10:40:51 INFO  BasePage:77 - Typed '76294-2841' into element: By.cssSelector: [placeholder="Zip/Postal Code"]
2025-05-05 10:40:51 INFO  BasePage:52 - Finding element: 
2025-05-05 10:40:51 INFO  BasePage:65 - Clicked on element: By.cssSelector: input[value="Continue"]
2025-05-05 10:40:51 INFO  BasePage:52 - Finding element: 
2025-05-05 10:40:51 INFO  BasePage:65 - Clicked on element: By.id: finish
2025-05-05 10:40:51 INFO  BasePage:52 - Finding element: 
2025-05-05 10:40:51 INFO  BasePage:87 - Got text 'Thank you for your order!' from element: By.cssSelector: h2.complete-header
2025-05-05 10:40:52 INFO  BasePage:81 - ******* Tests completed ********
2025-05-05 10:40:52 INFO  BasePage:32 - ******* LoginTests started ********
2025-05-05 10:40:52 INFO  BasePage:52 - Finding element: 
2025-05-05 10:40:52 INFO  BasePage:52 - Finding element: 
2025-05-05 10:40:52 INFO  BasePage:52 - Finding element: 
2025-05-05 10:40:52 INFO  BasePage:23 - Login successful for user: {} By.id: user-name
2025-05-05 10:40:52 INFO  BasePage:52 - Finding element: 
2025-05-05 10:40:52 INFO  BasePage:87 - Got text 'Products' from element: By.className: title
2025-05-05 10:40:52 INFO  BasePage:32 - ******* LoginTests started ********
2025-05-05 10:40:52 INFO  BasePage:52 - Finding element: 
2025-05-05 10:40:53 INFO  BasePage:52 - Finding element: 
2025-05-05 10:40:53 INFO  BasePage:52 - Finding element: 
2025-05-05 10:40:53 INFO  BasePage:23 - Login successful for user: {} By.id: user-name
2025-05-05 10:40:53 INFO  BasePage:52 - Finding element: 
2025-05-05 10:40:53 INFO  BasePage:87 - Got text 'Products' from element: By.className: title
2025-05-05 10:40:53 INFO  BasePage:32 - ******* LoginTests started ********
2025-05-05 10:40:53 INFO  BasePage:52 - Finding element: 
2025-05-05 10:40:53 INFO  BasePage:52 - Finding element: 
2025-05-05 10:40:53 INFO  BasePage:52 - Finding element: 
2025-05-05 10:40:58 INFO  BasePage:23 - Login successful for user: {} By.id: user-name
2025-05-05 10:40:58 INFO  BasePage:52 - Finding element: 
2025-05-05 10:40:58 INFO  BasePage:87 - Got text 'Products' from element: By.className: title
2025-05-05 10:40:58 INFO  BasePage:81 - ******* Tests completed ********
2025-05-05 10:43:13 INFO  BasePage:24 - ******* ProductsTests started ********
2025-05-05 10:43:13 INFO  BasePage:32 - ******* LoginTests started ********
2025-05-05 10:43:15 INFO  BasePage:52 - Finding element: 
2025-05-05 10:43:15 INFO  BasePage:52 - Finding element: 
2025-05-05 10:43:15 INFO  BasePage:52 - Finding element: 
2025-05-05 10:43:15 INFO  BasePage:52 - Finding element: 
2025-05-05 10:43:15 INFO  BasePage:52 - Finding element: 
2025-05-05 10:43:15 INFO  BasePage:52 - Finding element: 
2025-05-05 10:43:15 INFO  BasePage:23 - Login successful for user: {} By.id: user-name
2025-05-05 10:43:15 WARN  BasePage:31 - Login failed for user: {} By.id: user-name
2025-05-05 10:43:15 INFO  BasePage:52 - Finding element: 
2025-05-05 10:43:16 WARN  BasePage:101 - Element not found for display check: By.cssSelector: span.shopping_cart_badge
2025-05-05 10:43:16 INFO  BasePage:52 - Finding element: 
2025-05-05 10:43:16 INFO  BasePage:32 - ******* LoginTests started ********
2025-05-05 10:43:16 INFO  BasePage:65 - Clicked on element: By.xpath: //a/div[text()='Sauce Labs Backpack']
2025-05-05 10:43:16 INFO  BasePage:52 - Finding element: 
2025-05-05 10:43:16 INFO  BasePage:52 - Finding element: 
2025-05-05 10:43:16 INFO  BasePage:65 - Clicked on element: By.id: add-to-cart
2025-05-05 10:43:16 INFO  BasePage:98 - Element displayed status for By.cssSelector: span.shopping_cart_badge: true
2025-05-05 10:43:16 INFO  BasePage:52 - Finding element: 
2025-05-05 10:43:16 INFO  BasePage:52 - Finding element: 
2025-05-05 10:43:16 INFO  BasePage:87 - Got text '1' from element: By.cssSelector: span.shopping_cart_badge
2025-05-05 10:43:16 INFO  BasePage:52 - Finding element: 
2025-05-05 10:43:16 INFO  BasePage:52 - Finding element: 
2025-05-05 10:43:16 WARN  BasePage:31 - Login failed for user: {} By.id: user-name
2025-05-05 10:43:16 INFO  BasePage:52 - Finding element: 
2025-05-05 10:43:16 INFO  BasePage:65 - Clicked on element: By.cssSelector: a.shopping_cart_link
2025-05-05 10:43:16 INFO  BasePage:52 - Finding element: 
2025-05-05 10:43:16 INFO  BasePage:32 - ******* LoginTests started ********
2025-05-05 10:43:16 INFO  BasePage:87 - Got text '1' from element: By.xpath: //div[text()='Sauce Labs Backpack']/parent::a/parent::div/preceding-sibling::div[@data-test="item-quantity"]
2025-05-05 10:43:16 INFO  BasePage:52 - Finding element: 
2025-05-05 10:43:16 INFO  BasePage:52 - Finding element: 
2025-05-05 10:43:16 INFO  BasePage:65 - Clicked on element: By.cssSelector: a.shopping_cart_link
2025-05-05 10:43:16 INFO  BasePage:52 - Finding element: 
2025-05-05 10:43:16 INFO  BasePage:52 - Finding element: 
2025-05-05 10:43:16 INFO  BasePage:65 - Clicked on element: By.id: checkout
2025-05-05 10:43:16 INFO  BasePage:52 - Finding element: 
2025-05-05 10:43:17 WARN  BasePage:31 - Login failed for user: {} By.id: user-name
2025-05-05 10:43:17 INFO  BasePage:52 - Finding element: 
2025-05-05 10:43:17 INFO  BasePage:32 - ******* LoginTests started ********
2025-05-05 10:43:17 INFO  BasePage:52 - Finding element: 
2025-05-05 10:43:17 INFO  BasePage:52 - Finding element: 
2025-05-05 10:43:17 INFO  BasePage:52 - Finding element: 
2025-05-05 10:43:17 INFO  BasePage:52 - Finding element: 
2025-05-05 10:43:17 WARN  BasePage:31 - Login failed for user: {} By.id: user-name
2025-05-05 10:43:17 INFO  BasePage:52 - Finding element: 
2025-05-05 10:43:17 INFO  BasePage:77 - Typed 'Luther' into element: By.cssSelector: [placeholder="First Name"]
2025-05-05 10:43:17 INFO  BasePage:52 - Finding element: 
2025-05-05 10:43:17 INFO  BasePage:77 - Typed 'Botsford' into element: By.cssSelector: [placeholder="Last Name"]
2025-05-05 10:43:17 INFO  BasePage:52 - Finding element: 
2025-05-05 10:43:18 INFO  BasePage:77 - Typed '26460' into element: By.cssSelector: [placeholder="Zip/Postal Code"]
2025-05-05 10:43:18 INFO  BasePage:52 - Finding element: 
2025-05-05 10:43:18 INFO  BasePage:65 - Clicked on element: By.cssSelector: input[value="Continue"]
2025-05-05 10:43:18 INFO  BasePage:52 - Finding element: 
2025-05-05 10:43:18 INFO  BasePage:65 - Clicked on element: By.id: finish
2025-05-05 10:43:18 INFO  BasePage:52 - Finding element: 
2025-05-05 10:43:18 INFO  BasePage:87 - Got text 'Thank you for your order!' from element: By.cssSelector: h2.complete-header
2025-05-05 10:43:18 INFO  BasePage:81 - ******* Tests completed ********
2025-05-05 10:43:19 INFO  BasePage:32 - ******* LoginTests started ********
2025-05-05 10:43:19 INFO  BasePage:52 - Finding element: 
2025-05-05 10:43:19 INFO  BasePage:52 - Finding element: 
2025-05-05 10:43:19 INFO  BasePage:52 - Finding element: 
2025-05-05 10:43:19 INFO  BasePage:23 - Login successful for user: {} By.id: user-name
2025-05-05 10:43:19 INFO  BasePage:52 - Finding element: 
2025-05-05 10:43:19 INFO  BasePage:87 - Got text 'Products' from element: By.className: title
2025-05-05 10:43:19 INFO  BasePage:32 - ******* LoginTests started ********
2025-05-05 10:43:19 INFO  BasePage:52 - Finding element: 
2025-05-05 10:43:19 INFO  BasePage:52 - Finding element: 
2025-05-05 10:43:20 INFO  BasePage:52 - Finding element: 
2025-05-05 10:43:20 INFO  BasePage:23 - Login successful for user: {} By.id: user-name
2025-05-05 10:43:20 INFO  BasePage:52 - Finding element: 
2025-05-05 10:43:20 INFO  BasePage:87 - Got text 'Products' from element: By.className: title
2025-05-05 10:43:20 INFO  BasePage:32 - ******* LoginTests started ********
2025-05-05 10:43:20 INFO  BasePage:52 - Finding element: 
2025-05-05 10:43:20 INFO  BasePage:52 - Finding element: 
2025-05-05 10:43:20 INFO  BasePage:52 - Finding element: 
2025-05-05 10:43:25 INFO  BasePage:23 - Login successful for user: {} By.id: user-name
2025-05-05 10:43:25 INFO  BasePage:52 - Finding element: 
2025-05-05 10:43:25 INFO  BasePage:87 - Got text 'Products' from element: By.className: title
2025-05-05 10:43:25 INFO  BasePage:81 - ******* Tests completed ********
2025-05-05 10:47:26 INFO  BasePage:22 - ******* ProductsTests started ********
2025-05-05 10:47:26 INFO  BasePage:30 - ******* LoginTests started ********
2025-05-05 10:47:26 INFO  BasePage:52 - Finding element: 
2025-05-05 10:47:27 INFO  BasePage:52 - Finding element: 
2025-05-05 10:47:28 INFO  BasePage:52 - Finding element: 
2025-05-05 10:47:28 INFO  BasePage:52 - Finding element: 
2025-05-05 10:47:28 INFO  BasePage:52 - Finding element: 
2025-05-05 10:47:28 INFO  BasePage:23 - Login successful for user: {} By.id: user-name
2025-05-05 10:47:28 WARN  BasePage:101 - Element not found for display check: By.cssSelector: span.shopping_cart_badge
2025-05-05 10:47:28 INFO  BasePage:52 - Finding element: 
2025-05-05 10:47:28 INFO  BasePage:52 - Finding element: 
2025-05-05 10:47:28 INFO  BasePage:65 - Clicked on element: By.xpath: //a/div[text()='Sauce Labs Backpack']
2025-05-05 10:47:28 INFO  BasePage:52 - Finding element: 
2025-05-05 10:47:28 WARN  BasePage:31 - Login failed for user: {} By.id: user-name
2025-05-05 10:47:28 INFO  BasePage:52 - Finding element: 
2025-05-05 10:47:28 INFO  BasePage:30 - ******* LoginTests started ********
2025-05-05 10:47:28 INFO  BasePage:65 - Clicked on element: By.id: add-to-cart
2025-05-05 10:47:28 INFO  BasePage:98 - Element displayed status for By.cssSelector: span.shopping_cart_badge: true
2025-05-05 10:47:28 INFO  BasePage:52 - Finding element: 
2025-05-05 10:47:28 INFO  BasePage:87 - Got text '1' from element: By.cssSelector: span.shopping_cart_badge
2025-05-05 10:47:28 INFO  BasePage:52 - Finding element: 
2025-05-05 10:47:29 INFO  BasePage:52 - Finding element: 
2025-05-05 10:47:29 INFO  BasePage:52 - Finding element: 
2025-05-05 10:47:29 INFO  BasePage:65 - Clicked on element: By.cssSelector: a.shopping_cart_link
2025-05-05 10:47:29 INFO  BasePage:52 - Finding element: 
2025-05-05 10:47:29 INFO  BasePage:87 - Got text '1' from element: By.xpath: //div[text()='Sauce Labs Backpack']/parent::a/parent::div/preceding-sibling::div[@data-test="item-quantity"]
2025-05-05 10:47:29 INFO  BasePage:52 - Finding element: 
2025-05-05 10:47:29 INFO  BasePage:52 - Finding element: 
2025-05-05 10:47:29 INFO  BasePage:65 - Clicked on element: By.cssSelector: a.shopping_cart_link
2025-05-05 10:47:29 INFO  BasePage:52 - Finding element: 
2025-05-05 10:47:29 WARN  BasePage:31 - Login failed for user: {} By.id: user-name
2025-05-05 10:47:29 INFO  BasePage:52 - Finding element: 
2025-05-05 10:47:29 INFO  BasePage:30 - ******* LoginTests started ********
2025-05-05 10:47:29 INFO  BasePage:65 - Clicked on element: By.id: checkout
2025-05-05 10:47:29 INFO  BasePage:52 - Finding element: 
2025-05-05 10:47:29 INFO  BasePage:52 - Finding element: 
2025-05-05 10:47:29 INFO  BasePage:52 - Finding element: 
2025-05-05 10:47:29 INFO  BasePage:52 - Finding element: 
2025-05-05 10:47:29 WARN  BasePage:31 - Login failed for user: {} By.id: user-name
2025-05-05 10:47:29 INFO  BasePage:52 - Finding element: 
2025-05-05 10:47:30 INFO  BasePage:77 - Typed 'Cory' into element: By.cssSelector: [placeholder="First Name"]
2025-05-05 10:47:30 INFO  BasePage:52 - Finding element: 
2025-05-05 10:47:30 INFO  BasePage:77 - Typed 'O'Reilly' into element: By.cssSelector: [placeholder="Last Name"]
2025-05-05 10:47:30 INFO  BasePage:52 - Finding element: 
2025-05-05 10:47:30 INFO  BasePage:77 - Typed '88007' into element: By.cssSelector: [placeholder="Zip/Postal Code"]
2025-05-05 10:47:30 INFO  BasePage:52 - Finding element: 
2025-05-05 10:47:30 INFO  BasePage:65 - Clicked on element: By.cssSelector: input[value="Continue"]
2025-05-05 10:47:30 INFO  BasePage:52 - Finding element: 
2025-05-05 10:47:31 INFO  BasePage:65 - Clicked on element: By.id: finish
2025-05-05 10:47:31 INFO  BasePage:52 - Finding element: 
2025-05-05 10:47:31 INFO  BasePage:87 - Got text 'Thank you for your order!' from element: By.cssSelector: h2.complete-header
2025-05-05 10:47:31 INFO  BasePage:30 - ******* LoginTests started ********
2025-05-05 10:47:31 INFO  BasePage:52 - Finding element: 
2025-05-05 10:47:31 INFO  BasePage:52 - Finding element: 
2025-05-05 10:47:31 INFO  BasePage:81 - ******* Tests completed ********
2025-05-05 10:47:31 INFO  BasePage:52 - Finding element: 
2025-05-05 10:47:31 INFO  BasePage:23 - Login successful for user: {} By.id: user-name
2025-05-05 10:47:31 INFO  BasePage:52 - Finding element: 
2025-05-05 10:47:31 INFO  BasePage:87 - Got text 'Products' from element: By.className: title
2025-05-05 10:47:31 INFO  BasePage:30 - ******* LoginTests started ********
2025-05-05 10:47:31 INFO  BasePage:52 - Finding element: 
2025-05-05 10:47:32 INFO  BasePage:52 - Finding element: 
2025-05-05 10:47:32 INFO  BasePage:52 - Finding element: 
2025-05-05 10:47:32 INFO  BasePage:23 - Login successful for user: {} By.id: user-name
2025-05-05 10:47:32 INFO  BasePage:52 - Finding element: 
2025-05-05 10:47:32 INFO  BasePage:87 - Got text 'Products' from element: By.className: title
2025-05-05 10:47:32 INFO  BasePage:30 - ******* LoginTests started ********
2025-05-05 10:47:32 INFO  BasePage:52 - Finding element: 
2025-05-05 10:47:32 INFO  BasePage:52 - Finding element: 
2025-05-05 10:47:32 INFO  BasePage:52 - Finding element: 
2025-05-05 10:47:37 INFO  BasePage:23 - Login successful for user: {} By.id: user-name
2025-05-05 10:47:37 INFO  BasePage:52 - Finding element: 
2025-05-05 10:47:37 INFO  BasePage:87 - Got text 'Products' from element: By.className: title
2025-05-05 10:47:37 INFO  BasePage:81 - ******* Tests completed ********
2025-05-05 10:50:13 INFO  BasePage:22 - ******* ProductsTests started ********
2025-05-05 10:50:13 INFO  BasePage:30 - ******* LoginTests started ********
2025-05-05 10:50:14 INFO  BasePage:52 - Finding element: By.id: user-name
2025-05-05 10:50:16 INFO  BasePage:52 - Finding element: By.id: user-name
2025-05-05 10:50:16 INFO  BasePage:52 - Finding element: By.name: password
2025-05-05 10:50:16 INFO  BasePage:52 - Finding element: By.className: submit-button
2025-05-05 10:50:16 INFO  BasePage:52 - Finding element: By.name: password
2025-05-05 10:50:16 INFO  BasePage:23 - Login successful for user: {} By.id: user-name
2025-05-05 10:50:17 WARN  BasePage:101 - Element not found for display check: By.cssSelector: span.shopping_cart_badge
2025-05-05 10:50:17 INFO  BasePage:52 - Finding element: By.xpath: //a/div[text()='Sauce Labs Backpack']
2025-05-05 10:50:17 INFO  BasePage:52 - Finding element: By.className: submit-button
2025-05-05 10:50:17 INFO  BasePage:65 - Clicked on element: By.xpath: //a/div[text()='Sauce Labs Backpack']
2025-05-05 10:50:17 INFO  BasePage:52 - Finding element: By.id: add-to-cart
2025-05-05 10:50:17 WARN  BasePage:31 - Login failed for user: {} By.id: user-name
2025-05-05 10:50:17 INFO  BasePage:52 - Finding element: By.cssSelector: h3[data-test="error"]
2025-05-05 10:50:17 INFO  BasePage:65 - Clicked on element: By.id: add-to-cart
2025-05-05 10:50:17 INFO  BasePage:98 - Element displayed status for By.cssSelector: span.shopping_cart_badge: true
2025-05-05 10:50:17 INFO  BasePage:52 - Finding element: By.cssSelector: span.shopping_cart_badge
2025-05-05 10:50:17 INFO  BasePage:87 - Got text '1' from element: By.cssSelector: span.shopping_cart_badge
2025-05-05 10:50:17 INFO  BasePage:52 - Finding element: By.cssSelector: a.shopping_cart_link
2025-05-05 10:50:17 INFO  BasePage:65 - Clicked on element: By.cssSelector: a.shopping_cart_link
2025-05-05 10:50:17 INFO  BasePage:52 - Finding element: By.xpath: //div[text()='Sauce Labs Backpack']/parent::a/parent::div/preceding-sibling::div[@data-test="item-quantity"]
2025-05-05 10:50:17 INFO  BasePage:87 - Got text '1' from element: By.xpath: //div[text()='Sauce Labs Backpack']/parent::a/parent::div/preceding-sibling::div[@data-test="item-quantity"]
2025-05-05 10:50:17 INFO  BasePage:52 - Finding element: By.cssSelector: a.shopping_cart_link
2025-05-05 10:50:17 INFO  BasePage:65 - Clicked on element: By.cssSelector: a.shopping_cart_link
2025-05-05 10:50:17 INFO  BasePage:52 - Finding element: By.id: checkout
2025-05-05 10:50:18 INFO  BasePage:65 - Clicked on element: By.id: checkout
2025-05-05 10:50:18 INFO  BasePage:52 - Finding element: By.cssSelector: [placeholder="First Name"]
2025-05-05 10:50:19 INFO  BasePage:30 - ******* LoginTests started ********
2025-05-05 10:50:19 INFO  BasePage:77 - Typed 'Romona' into element: By.cssSelector: [placeholder="First Name"]
2025-05-05 10:50:19 INFO  BasePage:52 - Finding element: By.cssSelector: [placeholder="Last Name"]
2025-05-05 10:50:19 INFO  BasePage:52 - Finding element: By.id: user-name
2025-05-05 10:50:19 INFO  BasePage:77 - Typed 'Greenholt' into element: By.cssSelector: [placeholder="Last Name"]
2025-05-05 10:50:19 INFO  BasePage:52 - Finding element: By.cssSelector: [placeholder="Zip/Postal Code"]
2025-05-05 10:50:19 INFO  BasePage:52 - Finding element: By.name: password
2025-05-05 10:50:19 INFO  BasePage:77 - Typed '93801-9287' into element: By.cssSelector: [placeholder="Zip/Postal Code"]
2025-05-05 10:50:19 INFO  BasePage:52 - Finding element: By.cssSelector: input[value="Continue"]
2025-05-05 10:50:19 INFO  BasePage:52 - Finding element: By.className: submit-button
2025-05-05 10:50:20 INFO  BasePage:65 - Clicked on element: By.cssSelector: input[value="Continue"]
2025-05-05 10:50:20 INFO  BasePage:52 - Finding element: By.id: finish
2025-05-05 10:50:20 INFO  BasePage:23 - Login successful for user: {} By.id: user-name
2025-05-05 10:50:20 INFO  BasePage:52 - Finding element: By.className: title
2025-05-05 10:50:20 INFO  BasePage:87 - Got text 'Products' from element: By.className: title
2025-05-05 10:50:20 INFO  BasePage:30 - ******* LoginTests started ********
2025-05-05 10:50:20 INFO  BasePage:65 - Clicked on element: By.id: finish
2025-05-05 10:50:20 INFO  BasePage:52 - Finding element: By.cssSelector: h2.complete-header
2025-05-05 10:50:20 INFO  BasePage:52 - Finding element: By.id: user-name
2025-05-05 10:50:20 INFO  BasePage:87 - Got text 'Thank you for your order!' from element: By.cssSelector: h2.complete-header
2025-05-05 10:50:20 INFO  BasePage:52 - Finding element: By.name: password
2025-05-05 10:50:20 INFO  BasePage:52 - Finding element: By.className: submit-button
2025-05-05 10:50:20 INFO  BasePage:81 - ******* Tests completed ********
2025-05-05 10:50:21 INFO  BasePage:23 - Login successful for user: {} By.id: user-name
2025-05-05 10:50:21 INFO  BasePage:52 - Finding element: By.className: title
2025-05-05 10:50:21 INFO  BasePage:87 - Got text 'Products' from element: By.className: title
2025-05-05 10:50:21 INFO  BasePage:30 - ******* LoginTests started ********
2025-05-05 10:50:21 INFO  BasePage:52 - Finding element: By.id: user-name
2025-05-05 10:50:21 INFO  BasePage:52 - Finding element: By.name: password
2025-05-05 10:50:21 INFO  BasePage:52 - Finding element: By.className: submit-button
2025-05-05 10:50:26 INFO  BasePage:23 - Login successful for user: {} By.id: user-name
2025-05-05 10:50:26 INFO  BasePage:52 - Finding element: By.className: title
2025-05-05 10:50:26 INFO  BasePage:87 - Got text 'Products' from element: By.className: title
2025-05-05 10:50:27 INFO  BasePage:81 - ******* Tests completed ********
2025-05-05 11:22:56 INFO  BasePage:22 - ******* ProductsTests started ********
2025-05-05 11:22:56 INFO  BasePage:30 - ******* LoginTests started ********
2025-05-05 11:22:58 INFO  BasePage:52 - Finding element: By.id: user-name
2025-05-05 11:22:58 INFO  BasePage:52 - Finding element: By.id: user-name
2025-05-05 11:22:59 INFO  BasePage:52 - Finding element: By.name: password
2025-05-05 11:22:59 INFO  BasePage:52 - Finding element: By.name: password
2025-05-05 11:22:59 INFO  BasePage:52 - Finding element: By.className: submit-button
2025-05-05 11:22:59 INFO  BasePage:52 - Finding element: By.className: submit-button
2025-05-05 11:22:59 WARN  BasePage:31 - Login failed for user: {} By.id: user-name
2025-05-05 11:22:59 INFO  BasePage:52 - Finding element: By.cssSelector: h3[data-test="error"]
2025-05-05 11:22:59 INFO  BasePage:23 - Login successful for user: {} By.id: user-name
2025-05-05 11:22:59 WARN  BasePage:101 - Element not found for display check: By.cssSelector: span.shopping_cart_badge
2025-05-05 11:22:59 INFO  BasePage:52 - Finding element: By.xpath: //a/div[text()='Sauce Labs Backpack']
2025-05-05 11:22:59 INFO  BasePage:65 - Clicked on element: By.xpath: //a/div[text()='Sauce Labs Backpack']
2025-05-05 11:22:59 INFO  BasePage:52 - Finding element: By.id: add-to-cart
2025-05-05 11:22:59 INFO  BasePage:65 - Clicked on element: By.id: add-to-cart
2025-05-05 11:23:00 INFO  BasePage:98 - Element displayed status for By.cssSelector: span.shopping_cart_badge: true
2025-05-05 11:23:00 INFO  BasePage:52 - Finding element: By.cssSelector: span.shopping_cart_badge
2025-05-05 11:23:00 INFO  BasePage:87 - Got text '1' from element: By.cssSelector: span.shopping_cart_badge
2025-05-05 11:23:00 INFO  BasePage:52 - Finding element: By.cssSelector: a.shopping_cart_link
2025-05-05 11:23:00 INFO  BasePage:65 - Clicked on element: By.cssSelector: a.shopping_cart_link
2025-05-05 11:23:00 INFO  BasePage:52 - Finding element: By.xpath: //div[text()='Sauce Labs Backpack']/parent::a/parent::div/preceding-sibling::div[@data-test="item-quantity"]
2025-05-05 11:23:00 INFO  BasePage:87 - Got text '1' from element: By.xpath: //div[text()='Sauce Labs Backpack']/parent::a/parent::div/preceding-sibling::div[@data-test="item-quantity"]
2025-05-05 11:23:00 INFO  BasePage:52 - Finding element: By.cssSelector: a.shopping_cart_link
2025-05-05 11:23:00 INFO  BasePage:65 - Clicked on element: By.cssSelector: a.shopping_cart_link
2025-05-05 11:23:00 INFO  BasePage:52 - Finding element: By.id: checkout
2025-05-05 11:23:00 INFO  BasePage:30 - ******* LoginTests started ********
2025-05-05 11:23:00 INFO  BasePage:52 - Finding element: By.id: user-name
2025-05-05 11:23:01 INFO  BasePage:65 - Clicked on element: By.id: checkout
2025-05-05 11:23:01 INFO  BasePage:52 - Finding element: By.name: password
2025-05-05 11:23:01 INFO  BasePage:52 - Finding element: By.cssSelector: [placeholder="First Name"]
2025-05-05 11:23:01 INFO  BasePage:52 - Finding element: By.className: submit-button
2025-05-05 11:23:02 INFO  BasePage:23 - Login successful for user: {} By.id: user-name
2025-05-05 11:23:02 INFO  BasePage:52 - Finding element: By.className: title
2025-05-05 11:23:02 INFO  BasePage:77 - Typed 'Mason' into element: By.cssSelector: [placeholder="First Name"]
2025-05-05 11:23:02 INFO  BasePage:52 - Finding element: By.cssSelector: [placeholder="Last Name"]
2025-05-05 11:23:02 INFO  BasePage:87 - Got text 'Products' from element: By.className: title
2025-05-05 11:23:02 INFO  BasePage:30 - ******* LoginTests started ********
2025-05-05 11:23:02 INFO  BasePage:52 - Finding element: By.id: user-name
2025-05-05 11:23:02 INFO  BasePage:77 - Typed 'Hoppe' into element: By.cssSelector: [placeholder="Last Name"]
2025-05-05 11:23:02 INFO  BasePage:52 - Finding element: By.cssSelector: [placeholder="Zip/Postal Code"]
2025-05-05 11:23:02 INFO  BasePage:52 - Finding element: By.name: password
2025-05-05 11:23:02 INFO  BasePage:52 - Finding element: By.className: submit-button
2025-05-05 11:23:02 INFO  BasePage:77 - Typed '83588' into element: By.cssSelector: [placeholder="Zip/Postal Code"]
2025-05-05 11:23:02 INFO  BasePage:52 - Finding element: By.cssSelector: input[value="Continue"]
2025-05-05 11:23:02 INFO  BasePage:23 - Login successful for user: {} By.id: user-name
2025-05-05 11:23:02 INFO  BasePage:52 - Finding element: By.className: title
2025-05-05 11:23:02 INFO  BasePage:87 - Got text 'Products' from element: By.className: title
2025-05-05 11:23:02 INFO  BasePage:30 - ******* LoginTests started ********
2025-05-05 11:23:02 INFO  BasePage:65 - Clicked on element: By.cssSelector: input[value="Continue"]
2025-05-05 11:23:02 INFO  BasePage:52 - Finding element: By.id: finish
2025-05-05 11:23:02 INFO  BasePage:52 - Finding element: By.id: user-name
2025-05-05 11:23:03 INFO  BasePage:65 - Clicked on element: By.id: finish
2025-05-05 11:23:03 INFO  BasePage:52 - Finding element: By.cssSelector: h2.complete-header
2025-05-05 11:23:03 INFO  BasePage:52 - Finding element: By.name: password
2025-05-05 11:23:03 INFO  BasePage:87 - Got text 'Thank you for your order!' from element: By.cssSelector: h2.complete-header
2025-05-05 11:23:03 INFO  BasePage:52 - Finding element: By.className: submit-button
2025-05-05 11:23:03 INFO  BasePage:81 - ******* Tests completed ********
2025-05-05 11:23:08 INFO  BasePage:23 - Login successful for user: {} By.id: user-name
2025-05-05 11:23:08 INFO  BasePage:52 - Finding element: By.className: title
2025-05-05 11:23:08 INFO  BasePage:87 - Got text 'Products' from element: By.className: title
2025-05-05 11:23:08 INFO  BasePage:81 - ******* Tests completed ********
2025-05-05 11:26:32 INFO  BasePage:22 - ******* ProductsTests started ********
2025-05-05 11:26:32 INFO  BasePage:30 - ******* LoginTests started ********
2025-05-05 11:26:33 INFO  BasePage:52 - Finding element: By.id: user-name
2025-05-05 11:26:34 INFO  BasePage:52 - Finding element: By.name: password
2025-05-05 11:26:34 INFO  BasePage:52 - Finding element: By.className: submit-button
2025-05-05 11:26:35 INFO  BasePage:23 - Login successful for user: {} By.id: user-name
2025-05-05 11:26:35 INFO  BasePage:52 - Finding element: By.id: user-name
2025-05-05 11:26:35 WARN  BasePage:101 - Element not found for display check: By.cssSelector: span.shopping_cart_badge
2025-05-05 11:26:35 INFO  BasePage:52 - Finding element: By.xpath: //a/div[text()='Sauce Labs Backpack']
2025-05-05 11:26:35 INFO  BasePage:52 - Finding element: By.name: password
2025-05-05 11:26:35 INFO  BasePage:65 - Clicked on element: By.xpath: //a/div[text()='Sauce Labs Backpack']
2025-05-05 11:26:35 INFO  BasePage:52 - Finding element: By.id: add-to-cart
2025-05-05 11:26:35 INFO  BasePage:52 - Finding element: By.className: submit-button
2025-05-05 11:26:35 INFO  BasePage:65 - Clicked on element: By.id: add-to-cart
2025-05-05 11:26:35 INFO  BasePage:98 - Element displayed status for By.cssSelector: span.shopping_cart_badge: true
2025-05-05 11:26:35 INFO  BasePage:52 - Finding element: By.cssSelector: span.shopping_cart_badge
2025-05-05 11:26:35 INFO  BasePage:87 - Got text '1' from element: By.cssSelector: span.shopping_cart_badge
2025-05-05 11:26:35 WARN  BasePage:31 - Login failed for user: {} By.id: user-name
2025-05-05 11:26:35 INFO  BasePage:52 - Finding element: By.cssSelector: h3[data-test="error"]
2025-05-05 11:26:35 INFO  BasePage:52 - Finding element: By.cssSelector: a.shopping_cart_link
2025-05-05 11:26:35 INFO  BasePage:65 - Clicked on element: By.cssSelector: a.shopping_cart_link
2025-05-05 11:26:35 INFO  BasePage:52 - Finding element: By.xpath: //div[text()='Sauce Labs Backpack']/parent::a/parent::div/preceding-sibling::div[@data-test="item-quantity"]
2025-05-05 11:26:35 INFO  BasePage:87 - Got text '1' from element: By.xpath: //div[text()='Sauce Labs Backpack']/parent::a/parent::div/preceding-sibling::div[@data-test="item-quantity"]
2025-05-05 11:26:35 INFO  BasePage:52 - Finding element: By.cssSelector: a.shopping_cart_link
2025-05-05 11:26:36 INFO  BasePage:65 - Clicked on element: By.cssSelector: a.shopping_cart_link
2025-05-05 11:26:36 INFO  BasePage:52 - Finding element: By.id: checkout
2025-05-05 11:26:36 INFO  BasePage:65 - Clicked on element: By.id: checkout
2025-05-05 11:26:36 INFO  BasePage:52 - Finding element: By.cssSelector: [placeholder="First Name"]
2025-05-05 11:26:37 INFO  BasePage:77 - Typed 'Soraya' into element: By.cssSelector: [placeholder="First Name"]
2025-05-05 11:26:37 INFO  BasePage:52 - Finding element: By.cssSelector: [placeholder="Last Name"]
2025-05-05 11:26:37 INFO  BasePage:77 - Typed 'Hegmann' into element: By.cssSelector: [placeholder="Last Name"]
2025-05-05 11:26:37 INFO  BasePage:52 - Finding element: By.cssSelector: [placeholder="Zip/Postal Code"]
2025-05-05 11:26:37 INFO  BasePage:30 - ******* LoginTests started ********
2025-05-05 11:26:37 INFO  BasePage:52 - Finding element: By.id: user-name
2025-05-05 11:26:37 INFO  BasePage:77 - Typed '23187-8827' into element: By.cssSelector: [placeholder="Zip/Postal Code"]
2025-05-05 11:26:37 INFO  BasePage:52 - Finding element: By.cssSelector: input[value="Continue"]
2025-05-05 11:26:37 INFO  BasePage:52 - Finding element: By.name: password
2025-05-05 11:26:37 INFO  BasePage:65 - Clicked on element: By.cssSelector: input[value="Continue"]
2025-05-05 11:26:37 INFO  BasePage:52 - Finding element: By.id: finish
2025-05-05 11:26:37 INFO  BasePage:52 - Finding element: By.className: submit-button
2025-05-05 11:26:37 INFO  BasePage:65 - Clicked on element: By.id: finish
2025-05-05 11:26:37 INFO  BasePage:52 - Finding element: By.cssSelector: h2.complete-header
2025-05-05 11:26:37 INFO  BasePage:87 - Got text 'Thank you for your order!' from element: By.cssSelector: h2.complete-header
2025-05-05 11:26:38 INFO  BasePage:23 - Login successful for user: {} By.id: user-name
2025-05-05 11:26:38 INFO  BasePage:52 - Finding element: By.className: title
2025-05-05 11:26:38 INFO  BasePage:87 - Got text 'Products' from element: By.className: title
2025-05-05 11:26:38 INFO  BasePage:30 - ******* LoginTests started ********
2025-05-05 11:26:38 INFO  BasePage:52 - Finding element: By.id: user-name
2025-05-05 11:26:38 INFO  BasePage:81 - ******* Tests completed ********
2025-05-05 11:26:38 INFO  BasePage:52 - Finding element: By.name: password
2025-05-05 11:26:38 INFO  BasePage:52 - Finding element: By.className: submit-button
2025-05-05 11:26:38 INFO  BasePage:23 - Login successful for user: {} By.id: user-name
2025-05-05 11:26:38 INFO  BasePage:52 - Finding element: By.className: title
2025-05-05 11:26:38 INFO  BasePage:87 - Got text 'Products' from element: By.className: title
2025-05-05 11:26:38 INFO  BasePage:30 - ******* LoginTests started ********
2025-05-05 11:26:38 INFO  BasePage:52 - Finding element: By.id: user-name
2025-05-05 11:26:38 INFO  BasePage:52 - Finding element: By.name: password
2025-05-05 11:26:38 INFO  BasePage:52 - Finding element: By.className: submit-button
2025-05-05 11:26:43 INFO  BasePage:23 - Login successful for user: {} By.id: user-name
2025-05-05 11:26:43 INFO  BasePage:52 - Finding element: By.className: title
2025-05-05 11:26:44 INFO  BasePage:87 - Got text 'Products' from element: By.className: title
2025-05-05 11:26:44 INFO  BasePage:81 - ******* Tests completed ********
2025-05-05 11:28:22 INFO  BasePage:30 - ******* LoginTests started ********
2025-05-05 11:28:23 INFO  BasePage:52 - Finding element: By.id: user-name
2025-05-05 11:28:23 INFO  BasePage:52 - Finding element: By.name: password
2025-05-05 11:28:23 INFO  BasePage:52 - Finding element: By.className: submit-button
2025-05-05 11:28:23 WARN  BasePage:31 - Login failed for user: {} By.id: user-name
2025-05-05 11:28:23 INFO  BasePage:52 - Finding element: By.cssSelector: h3[data-test="error"]
2025-05-05 11:28:24 INFO  BasePage:30 - ******* LoginTests started ********
2025-05-05 11:28:24 INFO  BasePage:52 - Finding element: By.id: user-name
2025-05-05 11:28:24 INFO  BasePage:52 - Finding element: By.name: password
2025-05-05 11:28:24 INFO  BasePage:52 - Finding element: By.className: submit-button
2025-05-05 11:28:24 INFO  BasePage:23 - Login successful for user: {} By.id: user-name
2025-05-05 11:28:24 INFO  BasePage:52 - Finding element: By.className: title
2025-05-05 11:28:24 INFO  BasePage:87 - Got text 'Products' from element: By.className: title
2025-05-05 11:28:24 INFO  BasePage:30 - ******* LoginTests started ********
2025-05-05 11:28:24 INFO  BasePage:52 - Finding element: By.id: user-name
2025-05-05 11:28:24 INFO  BasePage:52 - Finding element: By.name: password
2025-05-05 11:28:24 INFO  BasePage:52 - Finding element: By.className: submit-button
2025-05-05 11:28:24 INFO  BasePage:23 - Login successful for user: {} By.id: user-name
2025-05-05 11:28:24 INFO  BasePage:52 - Finding element: By.className: title
2025-05-05 11:28:24 INFO  BasePage:87 - Got text 'Products' from element: By.className: title
2025-05-05 11:28:24 INFO  BasePage:30 - ******* LoginTests started ********
2025-05-05 11:28:24 INFO  BasePage:52 - Finding element: By.id: user-name
2025-05-05 11:28:24 INFO  BasePage:52 - Finding element: By.name: password
2025-05-05 11:28:24 INFO  BasePage:52 - Finding element: By.className: submit-button
2025-05-05 11:28:29 INFO  BasePage:23 - Login successful for user: {} By.id: user-name
2025-05-05 11:28:29 INFO  BasePage:52 - Finding element: By.className: title
2025-05-05 11:28:29 INFO  BasePage:87 - Got text 'Products' from element: By.className: title
2025-05-05 11:28:30 INFO  BasePage:81 - ******* Tests completed ********
2025-05-05 11:29:51 INFO  BasePage:22 - ******* ProductsTests started ********
2025-05-05 11:29:51 INFO  BasePage:30 - ******* LoginTests started ********
2025-05-05 11:29:52 INFO  BasePage:52 - Finding element: By.id: user-name
2025-05-05 11:29:52 INFO  BasePage:52 - Finding element: By.name: password
2025-05-05 11:29:53 INFO  BasePage:52 - Finding element: By.id: user-name
2025-05-05 11:29:53 INFO  BasePage:52 - Finding element: By.className: submit-button
2025-05-05 11:29:53 INFO  BasePage:52 - Finding element: By.name: password
2025-05-05 11:29:53 INFO  BasePage:23 - Login successful for user: {} By.id: user-name
2025-05-05 11:29:53 WARN  BasePage:101 - Element not found for display check: By.cssSelector: span.shopping_cart_badge
2025-05-05 11:29:53 INFO  BasePage:52 - Finding element: By.xpath: //a/div[text()='Sauce Labs Backpack']
2025-05-05 11:29:53 INFO  BasePage:52 - Finding element: By.className: submit-button
2025-05-05 11:29:53 INFO  BasePage:65 - Clicked on element: By.xpath: //a/div[text()='Sauce Labs Backpack']
2025-05-05 11:29:53 INFO  BasePage:52 - Finding element: By.id: add-to-cart
2025-05-05 11:29:53 WARN  BasePage:31 - Login failed for user: {} By.id: user-name
2025-05-05 11:29:53 INFO  BasePage:52 - Finding element: By.cssSelector: h3[data-test="error"]
2025-05-05 11:29:53 INFO  BasePage:65 - Clicked on element: By.id: add-to-cart
2025-05-05 11:29:53 INFO  BasePage:98 - Element displayed status for By.cssSelector: span.shopping_cart_badge: true
2025-05-05 11:29:53 INFO  BasePage:52 - Finding element: By.cssSelector: span.shopping_cart_badge
2025-05-05 11:29:53 INFO  BasePage:87 - Got text '1' from element: By.cssSelector: span.shopping_cart_badge
2025-05-05 11:29:53 INFO  BasePage:52 - Finding element: By.cssSelector: a.shopping_cart_link
2025-05-05 11:29:54 INFO  BasePage:65 - Clicked on element: By.cssSelector: a.shopping_cart_link
2025-05-05 11:29:54 INFO  BasePage:52 - Finding element: By.xpath: //div[text()='Sauce Labs Backpack']/parent::a/parent::div/preceding-sibling::div[@data-test="item-quantity"]
2025-05-05 11:29:54 INFO  BasePage:87 - Got text '1' from element: By.xpath: //div[text()='Sauce Labs Backpack']/parent::a/parent::div/preceding-sibling::div[@data-test="item-quantity"]
2025-05-05 11:29:54 INFO  BasePage:52 - Finding element: By.cssSelector: a.shopping_cart_link
2025-05-05 11:29:54 INFO  BasePage:65 - Clicked on element: By.cssSelector: a.shopping_cart_link
2025-05-05 11:29:54 INFO  BasePage:52 - Finding element: By.id: checkout
2025-05-05 11:29:54 INFO  BasePage:65 - Clicked on element: By.id: checkout
2025-05-05 11:29:54 INFO  BasePage:52 - Finding element: By.cssSelector: [placeholder="First Name"]
2025-05-05 11:29:55 INFO  BasePage:77 - Typed 'Orlando' into element: By.cssSelector: [placeholder="First Name"]
2025-05-05 11:29:55 INFO  BasePage:52 - Finding element: By.cssSelector: [placeholder="Last Name"]
2025-05-05 11:29:55 INFO  BasePage:77 - Typed 'Feeney' into element: By.cssSelector: [placeholder="Last Name"]
2025-05-05 11:29:55 INFO  BasePage:52 - Finding element: By.cssSelector: [placeholder="Zip/Postal Code"]
2025-05-05 11:29:55 INFO  BasePage:30 - ******* LoginTests started ********
2025-05-05 11:29:55 INFO  BasePage:52 - Finding element: By.id: user-name
2025-05-05 11:29:55 INFO  BasePage:77 - Typed '45896' into element: By.cssSelector: [placeholder="Zip/Postal Code"]
2025-05-05 11:29:55 INFO  BasePage:52 - Finding element: By.cssSelector: input[value="Continue"]
2025-05-05 11:29:55 INFO  BasePage:52 - Finding element: By.name: password
2025-05-05 11:29:55 INFO  BasePage:65 - Clicked on element: By.cssSelector: input[value="Continue"]
2025-05-05 11:29:55 INFO  BasePage:52 - Finding element: By.id: finish
2025-05-05 11:29:55 INFO  BasePage:52 - Finding element: By.className: submit-button
2025-05-05 11:29:55 INFO  BasePage:65 - Clicked on element: By.id: finish
2025-05-05 11:29:55 INFO  BasePage:52 - Finding element: By.cssSelector: h2.complete-header
2025-05-05 11:29:55 INFO  BasePage:87 - Got text 'Thank you for your order!' from element: By.cssSelector: h2.complete-header
2025-05-05 11:29:55 INFO  BasePage:23 - Login successful for user: {} By.id: user-name
2025-05-05 11:29:55 INFO  BasePage:52 - Finding element: By.className: title
2025-05-05 11:29:56 INFO  BasePage:87 - Got text 'Products' from element: By.className: title
2025-05-05 11:29:56 INFO  BasePage:30 - ******* LoginTests started ********
2025-05-05 11:29:56 INFO  BasePage:52 - Finding element: By.id: user-name
2025-05-05 11:29:56 INFO  BasePage:81 - ******* Tests completed ********
2025-05-05 11:29:56 INFO  BasePage:52 - Finding element: By.name: password
2025-05-05 11:29:56 INFO  BasePage:52 - Finding element: By.className: submit-button
2025-05-05 11:29:56 INFO  BasePage:23 - Login successful for user: {} By.id: user-name
2025-05-05 11:29:56 INFO  BasePage:52 - Finding element: By.className: title
2025-05-05 11:29:56 INFO  BasePage:87 - Got text 'Products' from element: By.className: title
2025-05-05 11:29:56 INFO  BasePage:30 - ******* LoginTests started ********
2025-05-05 11:29:56 INFO  BasePage:52 - Finding element: By.id: user-name
2025-05-05 11:29:57 INFO  BasePage:52 - Finding element: By.name: password
2025-05-05 11:29:57 INFO  BasePage:52 - Finding element: By.className: submit-button
2025-05-05 11:30:02 INFO  BasePage:23 - Login successful for user: {} By.id: user-name
2025-05-05 11:30:02 INFO  BasePage:52 - Finding element: By.className: title
2025-05-05 11:30:02 INFO  BasePage:87 - Got text 'Products' from element: By.className: title
2025-05-05 11:30:02 INFO  BasePage:81 - ******* Tests completed ********
2025-05-05 11:31:27 INFO  BasePage:30 - ******* LoginTests started ********
2025-05-05 11:31:27 INFO  BasePage:22 - ******* ProductsTests started ********
2025-05-05 11:31:27 INFO  BasePage:52 - Finding element: By.id: user-name
2025-05-05 11:31:27 INFO  BasePage:52 - Finding element: By.id: user-name
2025-05-05 11:31:29 INFO  BasePage:52 - Finding element: By.name: password
2025-05-05 11:31:29 INFO  BasePage:52 - Finding element: By.name: password
2025-05-05 11:31:29 INFO  BasePage:52 - Finding element: By.className: submit-button
2025-05-05 11:31:29 INFO  BasePage:52 - Finding element: By.className: submit-button
2025-05-05 11:31:30 INFO  BasePage:23 - Login successful for user: {} By.id: user-name
2025-05-05 11:31:30 WARN  BasePage:101 - Element not found for display check: By.cssSelector: span.shopping_cart_badge
2025-05-05 11:31:30 INFO  BasePage:52 - Finding element: By.xpath: //a/div[text()='Sauce Labs Backpack']
2025-05-05 11:31:30 WARN  BasePage:31 - Login failed for user: {} By.id: user-name
2025-05-05 11:31:30 INFO  BasePage:52 - Finding element: By.cssSelector: h3[data-test="error"]
2025-05-05 11:31:30 INFO  BasePage:65 - Clicked on element: By.xpath: //a/div[text()='Sauce Labs Backpack']
2025-05-05 11:31:30 INFO  BasePage:52 - Finding element: By.id: add-to-cart
2025-05-05 11:31:30 INFO  BasePage:65 - Clicked on element: By.id: add-to-cart
2025-05-05 11:31:30 INFO  BasePage:98 - Element displayed status for By.cssSelector: span.shopping_cart_badge: true
2025-05-05 11:31:30 INFO  BasePage:52 - Finding element: By.cssSelector: span.shopping_cart_badge
2025-05-05 11:31:30 INFO  BasePage:87 - Got text '1' from element: By.cssSelector: span.shopping_cart_badge
2025-05-05 11:31:30 INFO  BasePage:52 - Finding element: By.cssSelector: a.shopping_cart_link
2025-05-05 11:31:30 INFO  BasePage:65 - Clicked on element: By.cssSelector: a.shopping_cart_link
2025-05-05 11:31:30 INFO  BasePage:52 - Finding element: By.xpath: //div[text()='Sauce Labs Backpack']/parent::a/parent::div/preceding-sibling::div[@data-test="item-quantity"]
2025-05-05 11:31:30 INFO  BasePage:87 - Got text '1' from element: By.xpath: //div[text()='Sauce Labs Backpack']/parent::a/parent::div/preceding-sibling::div[@data-test="item-quantity"]
2025-05-05 11:31:30 INFO  BasePage:52 - Finding element: By.cssSelector: a.shopping_cart_link
2025-05-05 11:31:31 INFO  BasePage:65 - Clicked on element: By.cssSelector: a.shopping_cart_link
2025-05-05 11:31:31 INFO  BasePage:52 - Finding element: By.id: checkout
2025-05-05 11:31:31 INFO  BasePage:65 - Clicked on element: By.id: checkout
2025-05-05 11:31:31 INFO  BasePage:52 - Finding element: By.cssSelector: [placeholder="First Name"]
2025-05-05 11:31:32 INFO  BasePage:77 - Typed 'Yang' into element: By.cssSelector: [placeholder="First Name"]
2025-05-05 11:31:32 INFO  BasePage:52 - Finding element: By.cssSelector: [placeholder="Last Name"]
2025-05-05 11:31:32 INFO  BasePage:30 - ******* LoginTests started ********
2025-05-05 11:31:32 INFO  BasePage:52 - Finding element: By.id: user-name
2025-05-05 11:31:32 INFO  BasePage:77 - Typed 'Quigley' into element: By.cssSelector: [placeholder="Last Name"]
2025-05-05 11:31:32 INFO  BasePage:52 - Finding element: By.cssSelector: [placeholder="Zip/Postal Code"]
2025-05-05 11:31:32 INFO  BasePage:52 - Finding element: By.name: password
2025-05-05 11:31:32 INFO  BasePage:77 - Typed '54199' into element: By.cssSelector: [placeholder="Zip/Postal Code"]
2025-05-05 11:31:32 INFO  BasePage:52 - Finding element: By.cssSelector: input[value="Continue"]
2025-05-05 11:31:33 INFO  BasePage:52 - Finding element: By.className: submit-button
2025-05-05 11:31:33 INFO  BasePage:65 - Clicked on element: By.cssSelector: input[value="Continue"]
2025-05-05 11:31:33 INFO  BasePage:52 - Finding element: By.id: finish
2025-05-05 11:31:33 INFO  BasePage:23 - Login successful for user: {} By.id: user-name
2025-05-05 11:31:33 INFO  BasePage:52 - Finding element: By.className: title
2025-05-05 11:31:33 INFO  BasePage:65 - Clicked on element: By.id: finish
2025-05-05 11:31:33 INFO  BasePage:52 - Finding element: By.cssSelector: h2.complete-header
2025-05-05 11:31:33 INFO  BasePage:87 - Got text 'Products' from element: By.className: title
2025-05-05 11:31:33 INFO  BasePage:30 - ******* LoginTests started ********
2025-05-05 11:31:33 INFO  BasePage:87 - Got text 'Thank you for your order!' from element: By.cssSelector: h2.complete-header
2025-05-05 11:31:33 INFO  BasePage:52 - Finding element: By.id: user-name
2025-05-05 11:31:33 INFO  BasePage:52 - Finding element: By.name: password
2025-05-05 11:31:33 INFO  BasePage:52 - Finding element: By.className: submit-button
2025-05-05 11:31:33 INFO  BasePage:81 - ******* Tests completed ********
2025-05-05 11:31:33 INFO  BasePage:23 - Login successful for user: {} By.id: user-name
2025-05-05 11:31:33 INFO  BasePage:52 - Finding element: By.className: title
2025-05-05 11:31:33 INFO  BasePage:87 - Got text 'Products' from element: By.className: title
2025-05-05 11:31:33 INFO  BasePage:30 - ******* LoginTests started ********
2025-05-05 11:31:33 INFO  BasePage:52 - Finding element: By.id: user-name
2025-05-05 11:31:34 INFO  BasePage:52 - Finding element: By.name: password
2025-05-05 11:31:34 INFO  BasePage:52 - Finding element: By.className: submit-button
2025-05-05 11:31:39 INFO  BasePage:23 - Login successful for user: {} By.id: user-name
2025-05-05 11:31:39 INFO  BasePage:52 - Finding element: By.className: title
2025-05-05 11:31:39 INFO  BasePage:87 - Got text 'Products' from element: By.className: title
2025-05-05 11:31:39 INFO  BasePage:81 - ******* Tests completed ********
2025-05-05 11:53:03 INFO  BasePage:30 - ******* LoginTests started ********
2025-05-05 11:53:03 INFO  BasePage:22 - ******* ProductsTests started ********
2025-05-05 11:53:05 INFO  BasePage:52 - Finding element: By.id: user-name
2025-05-05 11:53:05 INFO  BasePage:52 - Finding element: By.id: user-name
2025-05-05 11:53:05 INFO  BasePage:52 - Finding element: By.name: password
2025-05-05 11:53:05 INFO  BasePage:52 - Finding element: By.name: password
2025-05-05 11:53:05 INFO  BasePage:52 - Finding element: By.className: submit-button
2025-05-05 11:53:05 INFO  BasePage:52 - Finding element: By.className: submit-button
2025-05-05 11:53:05 WARN  BasePage:31 - Login failed for user: {} By.id: user-name
2025-05-05 11:53:05 INFO  BasePage:52 - Finding element: By.cssSelector: h3[data-test="error"]
2025-05-05 11:53:05 INFO  BasePage:23 - Login successful for user: {} By.id: user-name
2025-05-05 11:53:05 WARN  BasePage:101 - Element not found for display check: By.cssSelector: span.shopping_cart_badge
2025-05-05 11:53:05 INFO  BasePage:52 - Finding element: By.xpath: //a/div[text()='Sauce Labs Backpack']
2025-05-05 11:53:06 INFO  BasePage:65 - Clicked on element: By.xpath: //a/div[text()='Sauce Labs Backpack']
2025-05-05 11:53:06 INFO  BasePage:52 - Finding element: By.id: add-to-cart
2025-05-05 11:53:06 INFO  BasePage:65 - Clicked on element: By.id: add-to-cart
2025-05-05 11:53:06 INFO  BasePage:98 - Element displayed status for By.cssSelector: span.shopping_cart_badge: true
2025-05-05 11:53:06 INFO  BasePage:52 - Finding element: By.cssSelector: span.shopping_cart_badge
2025-05-05 11:53:06 INFO  BasePage:87 - Got text '1' from element: By.cssSelector: span.shopping_cart_badge
2025-05-05 11:53:06 INFO  BasePage:52 - Finding element: By.cssSelector: a.shopping_cart_link
2025-05-05 11:53:06 INFO  BasePage:65 - Clicked on element: By.cssSelector: a.shopping_cart_link
2025-05-05 11:53:06 INFO  BasePage:52 - Finding element: By.xpath: //div[text()='Sauce Labs Backpack']/parent::a/parent::div/preceding-sibling::div[@data-test="item-quantity"]
2025-05-05 11:53:06 INFO  BasePage:87 - Got text '1' from element: By.xpath: //div[text()='Sauce Labs Backpack']/parent::a/parent::div/preceding-sibling::div[@data-test="item-quantity"]
2025-05-05 11:53:06 INFO  BasePage:52 - Finding element: By.cssSelector: a.shopping_cart_link
2025-05-05 11:53:06 INFO  BasePage:65 - Clicked on element: By.cssSelector: a.shopping_cart_link
2025-05-05 11:53:06 INFO  BasePage:52 - Finding element: By.id: checkout
2025-05-05 11:53:06 INFO  BasePage:65 - Clicked on element: By.id: checkout
2025-05-05 11:53:07 INFO  BasePage:52 - Finding element: By.cssSelector: [placeholder="First Name"]
2025-05-05 11:53:07 INFO  BasePage:30 - ******* LoginTests started ********
2025-05-05 11:53:07 INFO  BasePage:52 - Finding element: By.id: user-name
2025-05-05 11:53:07 INFO  BasePage:77 - Typed 'Florinda' into element: By.cssSelector: [placeholder="First Name"]
2025-05-05 11:53:07 INFO  BasePage:52 - Finding element: By.cssSelector: [placeholder="Last Name"]
2025-05-05 11:53:07 INFO  BasePage:52 - Finding element: By.name: password
2025-05-05 11:53:07 INFO  BasePage:52 - Finding element: By.className: submit-button
2025-05-05 11:53:07 INFO  BasePage:77 - Typed 'McDermott' into element: By.cssSelector: [placeholder="Last Name"]
2025-05-05 11:53:07 INFO  BasePage:52 - Finding element: By.cssSelector: [placeholder="Zip/Postal Code"]
2025-05-05 11:53:07 INFO  BasePage:77 - Typed '53356' into element: By.cssSelector: [placeholder="Zip/Postal Code"]
2025-05-05 11:53:07 INFO  BasePage:52 - Finding element: By.cssSelector: input[value="Continue"]
2025-05-05 11:53:07 INFO  BasePage:23 - Login successful for user: {} By.id: user-name
2025-05-05 11:53:07 INFO  BasePage:52 - Finding element: By.className: title
2025-05-05 11:53:07 INFO  BasePage:87 - Got text 'Products' from element: By.className: title
2025-05-05 11:53:07 INFO  BasePage:30 - ******* LoginTests started ********
2025-05-05 11:53:08 INFO  BasePage:52 - Finding element: By.id: user-name
2025-05-05 11:53:08 INFO  BasePage:65 - Clicked on element: By.cssSelector: input[value="Continue"]
2025-05-05 11:53:08 INFO  BasePage:52 - Finding element: By.id: finish
2025-05-05 11:53:08 INFO  BasePage:52 - Finding element: By.name: password
2025-05-05 11:53:08 INFO  BasePage:52 - Finding element: By.className: submit-button
2025-05-05 11:53:08 INFO  BasePage:65 - Clicked on element: By.id: finish
2025-05-05 11:53:08 INFO  BasePage:52 - Finding element: By.cssSelector: h2.complete-header
2025-05-05 11:53:08 INFO  BasePage:87 - Got text 'Thank you for your order!' from element: By.cssSelector: h2.complete-header
2025-05-05 11:53:08 INFO  BasePage:23 - Login successful for user: {} By.id: user-name
2025-05-05 11:53:08 INFO  BasePage:52 - Finding element: By.className: title
2025-05-05 11:53:08 INFO  BasePage:87 - Got text 'Products' from element: By.className: title
2025-05-05 11:53:08 INFO  BasePage:30 - ******* LoginTests started ********
2025-05-05 11:53:08 INFO  BasePage:52 - Finding element: By.id: user-name
2025-05-05 11:53:08 INFO  BasePage:81 - ******* Tests completed ********
2025-05-05 11:53:08 INFO  BasePage:52 - Finding element: By.name: password
2025-05-05 11:53:08 INFO  BasePage:52 - Finding element: By.className: submit-button
2025-05-05 11:53:13 INFO  BasePage:23 - Login successful for user: {} By.id: user-name
2025-05-05 11:53:13 INFO  BasePage:52 - Finding element: By.className: title
2025-05-05 11:53:14 INFO  BasePage:87 - Got text 'Products' from element: By.className: title
2025-05-05 11:53:14 INFO  BasePage:81 - ******* Tests completed ********
2025-05-05 11:59:54 INFO  BasePage:22 - ******* ProductsTests started ********
2025-05-05 11:59:54 INFO  BasePage:31 - ******* LoginTests started ********
2025-05-05 11:59:55 INFO  BasePage:52 - Finding element: By.id: user-name
2025-05-05 11:59:55 INFO  BasePage:52 - Finding element: By.id: user-name
2025-05-05 11:59:56 INFO  BasePage:52 - Finding element: By.name: password
2025-05-05 11:59:56 INFO  BasePage:52 - Finding element: By.name: password
2025-05-05 11:59:56 INFO  BasePage:52 - Finding element: By.className: submit-button
2025-05-05 11:59:56 INFO  BasePage:52 - Finding element: By.className: submit-button
2025-05-05 11:59:56 WARN  BasePage:31 - Login failed for user: {} By.id: user-name
2025-05-05 11:59:56 INFO  BasePage:52 - Finding element: By.cssSelector: h3[data-test="error"]
2025-05-05 11:59:56 INFO  BasePage:23 - Login successful for user: {} By.id: user-name
2025-05-05 11:59:56 INFO  BasePage:31 - ******* LoginTests started ********
2025-05-05 11:59:56 WARN  BasePage:101 - Element not found for display check: By.cssSelector: span.shopping_cart_badge
2025-05-05 11:59:56 INFO  BasePage:52 - Finding element: By.xpath: //a/div[text()='Sauce Labs Backpack']
2025-05-05 11:59:56 INFO  BasePage:52 - Finding element: By.id: user-name
2025-05-05 11:59:56 INFO  BasePage:65 - Clicked on element: By.xpath: //a/div[text()='Sauce Labs Backpack']
2025-05-05 11:59:56 INFO  BasePage:52 - Finding element: By.id: add-to-cart
2025-05-05 11:59:56 INFO  BasePage:52 - Finding element: By.name: password
2025-05-05 11:59:57 INFO  BasePage:65 - Clicked on element: By.id: add-to-cart
2025-05-05 11:59:57 INFO  BasePage:52 - Finding element: By.className: submit-button
2025-05-05 11:59:57 INFO  BasePage:98 - Element displayed status for By.cssSelector: span.shopping_cart_badge: true
2025-05-05 11:59:57 INFO  BasePage:52 - Finding element: By.cssSelector: span.shopping_cart_badge
2025-05-05 11:59:57 INFO  BasePage:87 - Got text '1' from element: By.cssSelector: span.shopping_cart_badge
2025-05-05 11:59:57 INFO  BasePage:52 - Finding element: By.cssSelector: a.shopping_cart_link
2025-05-05 11:59:57 WARN  BasePage:31 - Login failed for user: {} By.id: user-name
2025-05-05 11:59:57 INFO  BasePage:52 - Finding element: By.cssSelector: h3[data-test="error"]
2025-05-05 11:59:57 INFO  BasePage:31 - ******* LoginTests started ********
2025-05-05 11:59:57 INFO  BasePage:65 - Clicked on element: By.cssSelector: a.shopping_cart_link
2025-05-05 11:59:57 INFO  BasePage:52 - Finding element: By.xpath: //div[text()='Sauce Labs Backpack']/parent::a/parent::div/preceding-sibling::div[@data-test="item-quantity"]
2025-05-05 11:59:57 INFO  BasePage:52 - Finding element: By.id: user-name
2025-05-05 11:59:57 INFO  BasePage:87 - Got text '1' from element: By.xpath: //div[text()='Sauce Labs Backpack']/parent::a/parent::div/preceding-sibling::div[@data-test="item-quantity"]
2025-05-05 11:59:57 INFO  BasePage:52 - Finding element: By.cssSelector: a.shopping_cart_link
2025-05-05 11:59:57 INFO  BasePage:52 - Finding element: By.name: password
2025-05-05 11:59:57 INFO  BasePage:65 - Clicked on element: By.cssSelector: a.shopping_cart_link
2025-05-05 11:59:57 INFO  BasePage:52 - Finding element: By.id: checkout
2025-05-05 11:59:57 INFO  BasePage:52 - Finding element: By.className: submit-button
2025-05-05 11:59:57 INFO  BasePage:65 - Clicked on element: By.id: checkout
2025-05-05 11:59:57 WARN  BasePage:31 - Login failed for user: {} By.id: user-name
2025-05-05 11:59:57 INFO  BasePage:52 - Finding element: By.cssSelector: h3[data-test="error"]
2025-05-05 11:59:58 INFO  BasePage:52 - Finding element: By.cssSelector: [placeholder="First Name"]
2025-05-05 11:59:58 INFO  BasePage:77 - Typed 'Apolonia' into element: By.cssSelector: [placeholder="First Name"]
2025-05-05 11:59:58 INFO  BasePage:52 - Finding element: By.cssSelector: [placeholder="Last Name"]
2025-05-05 11:59:58 INFO  BasePage:77 - Typed 'Herman' into element: By.cssSelector: [placeholder="Last Name"]
2025-05-05 11:59:58 INFO  BasePage:52 - Finding element: By.cssSelector: [placeholder="Zip/Postal Code"]
2025-05-05 11:59:59 INFO  BasePage:77 - Typed '97486' into element: By.cssSelector: [placeholder="Zip/Postal Code"]
2025-05-05 11:59:59 INFO  BasePage:52 - Finding element: By.cssSelector: input[value="Continue"]
2025-05-05 11:59:59 INFO  BasePage:31 - ******* LoginTests started ********
2025-05-05 11:59:59 INFO  BasePage:52 - Finding element: By.id: user-name
2025-05-05 11:59:59 INFO  BasePage:65 - Clicked on element: By.cssSelector: input[value="Continue"]
2025-05-05 11:59:59 INFO  BasePage:52 - Finding element: By.id: finish
2025-05-05 11:59:59 INFO  BasePage:52 - Finding element: By.name: password
2025-05-05 11:59:59 INFO  BasePage:65 - Clicked on element: By.id: finish
2025-05-05 11:59:59 INFO  BasePage:52 - Finding element: By.cssSelector: h2.complete-header
2025-05-05 11:59:59 INFO  BasePage:52 - Finding element: By.className: submit-button
2025-05-05 11:59:59 INFO  BasePage:87 - Got text 'Thank you for your order!' from element: By.cssSelector: h2.complete-header
2025-05-05 12:00:00 INFO  BasePage:23 - Login successful for user: {} By.id: user-name
2025-05-05 12:00:00 INFO  BasePage:52 - Finding element: By.className: title
2025-05-05 12:00:00 INFO  BasePage:87 - Got text 'Products' from element: By.className: title
2025-05-05 12:00:00 INFO  BasePage:31 - ******* LoginTests started ********
2025-05-05 12:00:00 INFO  BasePage:52 - Finding element: By.id: user-name
2025-05-05 12:00:00 INFO  BasePage:52 - Finding element: By.name: password
2025-05-05 12:00:00 INFO  BasePage:81 - ******* Tests completed ********
2025-05-05 12:00:00 INFO  BasePage:52 - Finding element: By.className: submit-button
2025-05-05 12:00:00 INFO  BasePage:23 - Login successful for user: {} By.id: user-name
2025-05-05 12:00:00 INFO  BasePage:52 - Finding element: By.className: title
2025-05-05 12:00:00 INFO  BasePage:87 - Got text 'Products' from element: By.className: title
2025-05-05 12:00:00 INFO  BasePage:31 - ******* LoginTests started ********
2025-05-05 12:00:01 INFO  BasePage:52 - Finding element: By.id: user-name
2025-05-05 12:00:01 INFO  BasePage:52 - Finding element: By.name: password
2025-05-05 12:00:01 INFO  BasePage:52 - Finding element: By.className: submit-button
2025-05-05 12:00:06 INFO  BasePage:23 - Login successful for user: {} By.id: user-name
2025-05-05 12:00:06 INFO  BasePage:52 - Finding element: By.className: title
2025-05-05 12:00:06 INFO  BasePage:87 - Got text 'Products' from element: By.className: title
2025-05-05 12:00:06 INFO  BasePage:81 - ******* Tests completed ********
2025-05-05 12:00:57 INFO  BasePage:31 - ******* LoginTests started ********
2025-05-05 12:00:57 INFO  BasePage:22 - ******* ProductsTests started ********
2025-05-05 12:00:57 INFO  BasePage:52 - Finding element: By.id: user-name
2025-05-05 12:00:59 INFO  BasePage:52 - Finding element: By.name: password
2025-05-05 12:00:59 INFO  BasePage:52 - Finding element: By.className: submit-button
2025-05-05 12:00:59 INFO  BasePage:52 - Finding element: By.id: user-name
2025-05-05 12:00:59 WARN  BasePage:31 - Login failed for user: {} By.id: user-name
2025-05-05 12:00:59 INFO  BasePage:52 - Finding element: By.cssSelector: h3[data-test="error"]
2025-05-05 12:00:59 INFO  BasePage:52 - Finding element: By.name: password
2025-05-05 12:00:59 INFO  BasePage:31 - ******* LoginTests started ********
2025-05-05 12:00:59 INFO  BasePage:52 - Finding element: By.id: user-name
2025-05-05 12:00:59 INFO  BasePage:52 - Finding element: By.className: submit-button
2025-05-05 12:01:00 INFO  BasePage:52 - Finding element: By.name: password
2025-05-05 12:01:00 INFO  BasePage:23 - Login successful for user: {} By.id: user-name
2025-05-05 12:01:00 INFO  BasePage:52 - Finding element: By.className: submit-button
2025-05-05 12:01:00 WARN  BasePage:101 - Element not found for display check: By.cssSelector: span.shopping_cart_badge
2025-05-05 12:01:00 INFO  BasePage:52 - Finding element: By.xpath: //a/div[text()='Sauce Labs Backpack']
2025-05-05 12:01:00 WARN  BasePage:31 - Login failed for user: {} By.id: user-name
2025-05-05 12:01:00 INFO  BasePage:52 - Finding element: By.cssSelector: h3[data-test="error"]
2025-05-05 12:01:00 INFO  BasePage:65 - Clicked on element: By.xpath: //a/div[text()='Sauce Labs Backpack']
2025-05-05 12:01:00 INFO  BasePage:52 - Finding element: By.id: add-to-cart
2025-05-05 12:01:00 INFO  BasePage:31 - ******* LoginTests started ********
2025-05-05 12:01:00 INFO  BasePage:52 - Finding element: By.id: user-name
2025-05-05 12:01:00 INFO  BasePage:65 - Clicked on element: By.id: add-to-cart
2025-05-05 12:01:00 INFO  BasePage:98 - Element displayed status for By.cssSelector: span.shopping_cart_badge: true
2025-05-05 12:01:00 INFO  BasePage:52 - Finding element: By.cssSelector: span.shopping_cart_badge
2025-05-05 12:01:00 INFO  BasePage:52 - Finding element: By.name: password
2025-05-05 12:01:00 INFO  BasePage:87 - Got text '1' from element: By.cssSelector: span.shopping_cart_badge
2025-05-05 12:01:00 INFO  BasePage:52 - Finding element: By.cssSelector: a.shopping_cart_link
2025-05-05 12:01:00 INFO  BasePage:52 - Finding element: By.className: submit-button
2025-05-05 12:01:00 INFO  BasePage:65 - Clicked on element: By.cssSelector: a.shopping_cart_link
2025-05-05 12:01:00 INFO  BasePage:52 - Finding element: By.xpath: //div[text()='Sauce Labs Backpack']/parent::a/parent::div/preceding-sibling::div[@data-test="item-quantity"]
2025-05-05 12:01:00 WARN  BasePage:31 - Login failed for user: {} By.id: user-name
2025-05-05 12:01:00 INFO  BasePage:52 - Finding element: By.cssSelector: h3[data-test="error"]
2025-05-05 12:01:00 INFO  BasePage:87 - Got text '1' from element: By.xpath: //div[text()='Sauce Labs Backpack']/parent::a/parent::div/preceding-sibling::div[@data-test="item-quantity"]
2025-05-05 12:01:00 INFO  BasePage:52 - Finding element: By.cssSelector: a.shopping_cart_link
2025-05-05 12:01:01 INFO  BasePage:65 - Clicked on element: By.cssSelector: a.shopping_cart_link
2025-05-05 12:01:01 INFO  BasePage:52 - Finding element: By.id: checkout
2025-05-05 12:01:01 INFO  BasePage:65 - Clicked on element: By.id: checkout
2025-05-05 12:01:01 INFO  BasePage:52 - Finding element: By.cssSelector: [placeholder="First Name"]
2025-05-05 12:01:01 INFO  BasePage:77 - Typed 'Chantelle' into element: By.cssSelector: [placeholder="First Name"]
2025-05-05 12:01:01 INFO  BasePage:52 - Finding element: By.cssSelector: [placeholder="Last Name"]
2025-05-05 12:01:02 INFO  BasePage:77 - Typed 'Considine' into element: By.cssSelector: [placeholder="Last Name"]
2025-05-05 12:01:02 INFO  BasePage:52 - Finding element: By.cssSelector: [placeholder="Zip/Postal Code"]
2025-05-05 12:01:02 INFO  BasePage:77 - Typed '58171' into element: By.cssSelector: [placeholder="Zip/Postal Code"]
2025-05-05 12:01:02 INFO  BasePage:52 - Finding element: By.cssSelector: input[value="Continue"]
2025-05-05 12:01:02 INFO  BasePage:31 - ******* LoginTests started ********
2025-05-05 12:01:02 INFO  BasePage:52 - Finding element: By.id: user-name
2025-05-05 12:01:02 INFO  BasePage:52 - Finding element: By.name: password
2025-05-05 12:01:02 INFO  BasePage:65 - Clicked on element: By.cssSelector: input[value="Continue"]
2025-05-05 12:01:02 INFO  BasePage:52 - Finding element: By.id: finish
2025-05-05 12:01:02 INFO  BasePage:52 - Finding element: By.className: submit-button
2025-05-05 12:01:02 INFO  BasePage:65 - Clicked on element: By.id: finish
2025-05-05 12:01:02 INFO  BasePage:52 - Finding element: By.cssSelector: h2.complete-header
2025-05-05 12:01:02 INFO  BasePage:87 - Got text 'Thank you for your order!' from element: By.cssSelector: h2.complete-header
2025-05-05 12:01:02 INFO  BasePage:23 - Login successful for user: {} By.id: user-name
2025-05-05 12:01:02 INFO  BasePage:52 - Finding element: By.className: title
2025-05-05 12:01:02 INFO  BasePage:87 - Got text 'Products' from element: By.className: title
2025-05-05 12:01:02 INFO  BasePage:31 - ******* LoginTests started ********
2025-05-05 12:01:02 INFO  BasePage:52 - Finding element: By.id: user-name
2025-05-05 12:01:02 INFO  BasePage:52 - Finding element: By.name: password
2025-05-05 12:01:03 INFO  BasePage:81 - ******* Tests completed ********
2025-05-05 12:01:03 INFO  BasePage:52 - Finding element: By.className: submit-button
2025-05-05 12:01:03 INFO  BasePage:23 - Login successful for user: {} By.id: user-name
2025-05-05 12:01:03 INFO  BasePage:52 - Finding element: By.className: title
2025-05-05 12:01:03 INFO  BasePage:87 - Got text 'Products' from element: By.className: title
2025-05-05 12:01:03 INFO  BasePage:31 - ******* LoginTests started ********
2025-05-05 12:01:03 INFO  BasePage:52 - Finding element: By.id: user-name
2025-05-05 12:01:03 INFO  BasePage:52 - Finding element: By.name: password
2025-05-05 12:01:03 INFO  BasePage:52 - Finding element: By.className: submit-button
2025-05-05 12:01:08 INFO  BasePage:23 - Login successful for user: {} By.id: user-name
2025-05-05 12:01:08 INFO  BasePage:52 - Finding element: By.className: title
2025-05-05 12:01:08 INFO  BasePage:87 - Got text 'Products' from element: By.className: title
2025-05-05 12:01:08 INFO  BasePage:81 - ******* Tests completed ********
2025-05-05 12:02:57 INFO  BasePage:31 - ******* LoginTests started ********
2025-05-05 12:02:58 INFO  BasePage:52 - Finding element: By.id: user-name
2025-05-05 12:02:58 INFO  BasePage:52 - Finding element: By.name: password
2025-05-05 12:02:58 INFO  BasePage:52 - Finding element: By.className: submit-button
2025-05-05 12:02:58 WARN  BasePage:31 - Login failed for user: {} By.id: user-name
2025-05-05 12:02:58 INFO  BasePage:52 - Finding element: By.cssSelector: h3[data-test="error"]
2025-05-05 12:02:58 INFO  BasePage:31 - ******* LoginTests started ********
2025-05-05 12:02:58 INFO  BasePage:52 - Finding element: By.id: user-name
2025-05-05 12:02:59 INFO  BasePage:52 - Finding element: By.name: password
2025-05-05 12:02:59 INFO  BasePage:52 - Finding element: By.className: submit-button
2025-05-05 12:02:59 WARN  BasePage:31 - Login failed for user: {} By.id: user-name
2025-05-05 12:02:59 INFO  BasePage:52 - Finding element: By.cssSelector: h3[data-test="error"]
2025-05-05 12:02:59 INFO  BasePage:31 - ******* LoginTests started ********
2025-05-05 12:02:59 INFO  BasePage:52 - Finding element: By.id: user-name
2025-05-05 12:02:59 INFO  BasePage:52 - Finding element: By.name: password
2025-05-05 12:02:59 INFO  BasePage:52 - Finding element: By.className: submit-button
2025-05-05 12:02:59 WARN  BasePage:31 - Login failed for user: {} By.id: user-name
2025-05-05 12:02:59 INFO  BasePage:52 - Finding element: By.cssSelector: h3[data-test="error"]
2025-05-05 12:02:59 INFO  BasePage:81 - ******* Tests completed ********
2025-05-05 12:03:33 INFO  BasePage:31 - ******* LoginTests started ********
2025-05-05 12:03:35 INFO  BasePage:52 - Finding element: By.id: user-name
2025-05-05 12:03:35 INFO  BasePage:52 - Finding element: By.name: password
2025-05-05 12:03:35 INFO  BasePage:52 - Finding element: By.className: submit-button
2025-05-05 12:03:35 WARN  BasePage:31 - Login failed for user: {} By.id: user-name
2025-05-05 12:03:35 INFO  BasePage:52 - Finding element: By.cssSelector: h3[data-test="error"]
2025-05-05 12:03:35 INFO  BasePage:31 - ******* LoginTests started ********
2025-05-05 12:03:35 INFO  BasePage:52 - Finding element: By.id: user-name
2025-05-05 12:03:35 INFO  BasePage:52 - Finding element: By.name: password
2025-05-05 12:03:35 INFO  BasePage:52 - Finding element: By.className: submit-button
2025-05-05 12:03:35 WARN  BasePage:31 - Login failed for user: {} By.id: user-name
2025-05-05 12:03:35 INFO  BasePage:52 - Finding element: By.cssSelector: h3[data-test="error"]
2025-05-05 12:03:35 INFO  BasePage:31 - ******* LoginTests started ********
2025-05-05 12:03:35 INFO  BasePage:52 - Finding element: By.id: user-name
2025-05-05 12:03:35 INFO  BasePage:52 - Finding element: By.name: password
2025-05-05 12:03:35 INFO  BasePage:52 - Finding element: By.className: submit-button
2025-05-05 12:03:35 WARN  BasePage:31 - Login failed for user: {} By.id: user-name
2025-05-05 12:03:35 INFO  BasePage:52 - Finding element: By.cssSelector: h3[data-test="error"]
2025-05-05 12:03:36 INFO  BasePage:31 - ******* LoginTests started ********
2025-05-05 12:03:36 INFO  BasePage:52 - Finding element: By.id: user-name
2025-05-05 12:03:36 INFO  BasePage:52 - Finding element: By.name: password
2025-05-05 12:03:36 INFO  BasePage:52 - Finding element: By.className: submit-button
2025-05-05 12:03:36 INFO  BasePage:23 - Login successful for user: {} By.id: user-name
2025-05-05 12:03:36 INFO  BasePage:52 - Finding element: By.className: title
2025-05-05 12:03:36 INFO  BasePage:87 - Got text 'Products' from element: By.className: title
2025-05-05 12:03:36 INFO  BasePage:31 - ******* LoginTests started ********
2025-05-05 12:03:36 INFO  BasePage:52 - Finding element: By.id: user-name
2025-05-05 12:03:36 INFO  BasePage:52 - Finding element: By.name: password
2025-05-05 12:03:36 INFO  BasePage:52 - Finding element: By.className: submit-button
2025-05-05 12:03:36 INFO  BasePage:23 - Login successful for user: {} By.id: user-name
2025-05-05 12:03:36 INFO  BasePage:52 - Finding element: By.className: title
2025-05-05 12:03:36 INFO  BasePage:87 - Got text 'Products' from element: By.className: title
2025-05-05 12:03:36 INFO  BasePage:31 - ******* LoginTests started ********
2025-05-05 12:03:36 INFO  BasePage:52 - Finding element: By.id: user-name
2025-05-05 12:03:36 INFO  BasePage:52 - Finding element: By.name: password
2025-05-05 12:03:36 INFO  BasePage:52 - Finding element: By.className: submit-button
2025-05-05 12:03:42 INFO  BasePage:23 - Login successful for user: {} By.id: user-name
2025-05-05 12:03:42 INFO  BasePage:52 - Finding element: By.className: title
2025-05-05 12:03:42 INFO  BasePage:87 - Got text 'Products' from element: By.className: title
2025-05-05 12:03:42 INFO  BasePage:81 - ******* Tests completed ********
2025-05-05 12:06:43 INFO  BaseTest:31 - ******* LoginTests started ********
2025-05-05 12:06:44 INFO  BasePage:52 - Finding element: By.id: user-name
2025-05-05 12:06:45 INFO  BasePage:52 - Finding element: By.name: password
2025-05-05 12:06:45 INFO  BasePage:52 - Finding element: By.className: submit-button
2025-05-05 12:06:45 WARN  LoginPage:31 - Login failed for user: {} By.id: user-name
2025-05-05 12:06:45 INFO  BasePage:52 - Finding element: By.cssSelector: h3[data-test="error"]
2025-05-05 12:06:45 INFO  BaseTest:80 - ******* Tests completed ********
2025-05-05 12:10:56 INFO  BaseTest:31 - ******* LoginTests started ********
2025-05-05 12:10:57 INFO  BasePage:52 - Finding element: By.id: user-name
2025-05-05 12:10:57 INFO  BasePage:52 - Finding element: By.name: password
2025-05-05 12:10:57 INFO  BasePage:52 - Finding element: By.className: submit-button
2025-05-05 12:10:57 WARN  LoginPage:31 - Login failed for user: {} By.id: user-name
2025-05-05 12:10:57 INFO  BasePage:52 - Finding element: By.cssSelector: h3[data-test="error"]
2025-05-05 12:10:57 INFO  BaseTest:80 - ******* Tests completed ********
2025-05-05 12:15:08 INFO  BaseTest:31 - ******* LoginTests started ********
2025-05-05 12:15:10 INFO  BasePage:52 - Finding element: By.id: user-name
2025-05-05 12:15:10 INFO  BasePage:52 - Finding element: By.name: password
2025-05-05 12:15:10 INFO  BasePage:52 - Finding element: By.className: submit-button
2025-05-05 12:15:10 WARN  LoginPage:31 - Login failed for user: {} By.id: user-name
2025-05-05 12:15:10 INFO  BasePage:52 - Finding element: By.cssSelector: h3[data-test="error"]
2025-05-05 12:15:10 INFO  BaseTest:80 - ******* Tests completed ********
2025-05-05 12:15:49 INFO  BaseTest:31 - ******* LoginTests started ********
2025-05-05 12:15:50 INFO  BasePage:52 - Finding element: By.id: user-name
2025-05-05 12:15:50 INFO  BasePage:52 - Finding element: By.name: password
2025-05-05 12:15:50 INFO  BasePage:52 - Finding element: By.className: submit-button
2025-05-05 12:15:51 WARN  LoginPage:31 - Login failed for user: {} By.id: user-name
2025-05-05 12:15:51 INFO  BasePage:52 - Finding element: By.cssSelector: h3[data-test="error"]
2025-05-05 12:15:51 INFO  BaseTest:80 - ******* Tests completed ********
2025-05-05 12:16:18 INFO  BaseTest:31 - ******* LoginTests started ********
2025-05-05 12:16:19 INFO  BasePage:52 - Finding element: By.id: user-name
2025-05-05 12:16:19 INFO  BasePage:52 - Finding element: By.name: password
2025-05-05 12:16:19 INFO  BasePage:52 - Finding element: By.className: submit-button
2025-05-05 12:16:19 WARN  LoginPage:31 - Login failed for user: {} By.id: user-name
2025-05-05 12:16:19 INFO  BasePage:52 - Finding element: By.cssSelector: h3[data-test="error"]
2025-05-05 12:16:19 WARN  RetryAnalyzerImpl:14 - Retry attempt: 0 for test: testInvalidLoginCredentials
2025-05-05 12:16:19 INFO  BaseTest:31 - ******* LoginTests started ********
2025-05-05 12:16:19 INFO  BasePage:52 - Finding element: By.id: user-name
2025-05-05 12:16:19 INFO  BasePage:52 - Finding element: By.name: password
2025-05-05 12:16:20 INFO  BasePage:52 - Finding element: By.className: submit-button
2025-05-05 12:16:20 WARN  LoginPage:31 - Login failed for user: {} By.id: user-name
2025-05-05 12:16:20 INFO  BasePage:52 - Finding element: By.cssSelector: h3[data-test="error"]
2025-05-05 12:16:20 WARN  RetryAnalyzerImpl:14 - Retry attempt: 1 for test: testInvalidLoginCredentials
2025-05-05 12:16:20 INFO  BaseTest:31 - ******* LoginTests started ********
2025-05-05 12:16:20 INFO  BasePage:52 - Finding element: By.id: user-name
2025-05-05 12:16:20 INFO  BasePage:52 - Finding element: By.name: password
2025-05-05 12:16:20 INFO  BasePage:52 - Finding element: By.className: submit-button
2025-05-05 12:16:20 WARN  LoginPage:31 - Login failed for user: {} By.id: user-name
2025-05-05 12:16:20 INFO  BasePage:52 - Finding element: By.cssSelector: h3[data-test="error"]
2025-05-05 12:16:20 WARN  RetryAnalyzerImpl:14 - Retry attempt: 2 for test: testInvalidLoginCredentials
2025-05-05 12:16:20 INFO  BaseTest:80 - ******* Tests completed ********
2025-05-05 12:21:58 INFO  BaseTest:22 - ******* ProductsTests started ********
2025-05-05 12:21:58 INFO  BaseTest:31 - ******* LoginTests started ********
2025-05-05 12:21:58 INFO  BasePage:52 - Finding element: By.id: user-name
2025-05-05 12:21:58 INFO  BasePage:52 - Finding element: By.id: user-name
2025-05-05 12:22:00 INFO  BasePage:52 - Finding element: By.name: password
2025-05-05 12:22:00 INFO  BasePage:52 - Finding element: By.className: submit-button
2025-05-05 12:22:00 INFO  BasePage:52 - Finding element: By.name: password
2025-05-05 12:22:00 INFO  LoginPage:23 - Login successful for user: {} By.id: user-name
2025-05-05 12:22:00 WARN  BasePage:101 - Element not found for display check: By.cssSelector: span.shopping_cart_badge
2025-05-05 12:22:00 INFO  BasePage:52 - Finding element: By.xpath: //a/div[text()='Sauce Labs Backpack']
2025-05-05 12:22:01 INFO  BasePage:52 - Finding element: By.className: submit-button
2025-05-05 12:22:01 INFO  BasePage:65 - Clicked on element: By.xpath: //a/div[text()='Sauce Labs Backpack']
2025-05-05 12:22:01 INFO  BasePage:52 - Finding element: By.id: add-to-cart
2025-05-05 12:22:01 INFO  BasePage:65 - Clicked on element: By.id: add-to-cart
2025-05-05 12:22:01 INFO  BasePage:98 - Element displayed status for By.cssSelector: span.shopping_cart_badge: true
2025-05-05 12:22:01 INFO  BasePage:52 - Finding element: By.cssSelector: span.shopping_cart_badge
2025-05-05 12:22:01 WARN  LoginPage:31 - Login failed for user: {} By.id: user-name
2025-05-05 12:22:01 INFO  BasePage:52 - Finding element: By.cssSelector: h3[data-test="error"]
2025-05-05 12:22:01 INFO  BasePage:87 - Got text '1' from element: By.cssSelector: span.shopping_cart_badge
2025-05-05 12:22:01 INFO  BasePage:52 - Finding element: By.cssSelector: a.shopping_cart_link
2025-05-05 12:22:01 INFO  BasePage:65 - Clicked on element: By.cssSelector: a.shopping_cart_link
2025-05-05 12:22:01 INFO  BasePage:52 - Finding element: By.xpath: //div[text()='Sauce Labs Backpack']/parent::a/parent::div/preceding-sibling::div[@data-test="item-quantity"]
2025-05-05 12:22:01 INFO  BasePage:87 - Got text '1' from element: By.xpath: //div[text()='Sauce Labs Backpack']/parent::a/parent::div/preceding-sibling::div[@data-test="item-quantity"]
2025-05-05 12:22:01 INFO  BasePage:52 - Finding element: By.cssSelector: a.shopping_cart_link
2025-05-05 12:22:01 INFO  BasePage:65 - Clicked on element: By.cssSelector: a.shopping_cart_link
2025-05-05 12:22:01 INFO  BasePage:52 - Finding element: By.id: checkout
2025-05-05 12:22:01 INFO  BasePage:65 - Clicked on element: By.id: checkout
2025-05-05 12:22:02 INFO  BasePage:52 - Finding element: By.cssSelector: [placeholder="First Name"]
2025-05-05 12:22:02 INFO  BasePage:77 - Typed 'Adam' into element: By.cssSelector: [placeholder="First Name"]
2025-05-05 12:22:02 INFO  BasePage:52 - Finding element: By.cssSelector: [placeholder="Last Name"]
2025-05-05 12:22:02 INFO  BasePage:77 - Typed 'Ritchie' into element: By.cssSelector: [placeholder="Last Name"]
2025-05-05 12:22:02 INFO  BasePage:52 - Finding element: By.cssSelector: [placeholder="Zip/Postal Code"]
2025-05-05 12:22:02 INFO  BaseTest:31 - ******* LoginTests started ********
2025-05-05 12:22:03 INFO  BasePage:77 - Typed '06574-1539' into element: By.cssSelector: [placeholder="Zip/Postal Code"]
2025-05-05 12:22:03 INFO  BasePage:52 - Finding element: By.cssSelector: input[value="Continue"]
2025-05-05 12:22:03 INFO  BasePage:52 - Finding element: By.id: user-name
2025-05-05 12:22:03 INFO  BasePage:52 - Finding element: By.name: password
2025-05-05 12:22:03 INFO  BasePage:65 - Clicked on element: By.cssSelector: input[value="Continue"]
2025-05-05 12:22:03 INFO  BasePage:52 - Finding element: By.id: finish
2025-05-05 12:22:03 INFO  BasePage:52 - Finding element: By.className: submit-button
2025-05-05 12:22:03 INFO  BasePage:65 - Clicked on element: By.id: finish
2025-05-05 12:22:03 INFO  BasePage:52 - Finding element: By.cssSelector: h2.complete-header
2025-05-05 12:22:03 INFO  BasePage:87 - Got text 'Thank you for your order!' from element: By.cssSelector: h2.complete-header
2025-05-05 12:22:03 INFO  LoginPage:23 - Login successful for user: {} By.id: user-name
2025-05-05 12:22:03 INFO  BasePage:52 - Finding element: By.className: title
2025-05-05 12:22:03 INFO  BasePage:87 - Got text 'Products' from element: By.className: title
2025-05-05 12:22:03 INFO  BaseTest:31 - ******* LoginTests started ********
2025-05-05 12:22:03 INFO  BasePage:52 - Finding element: By.id: user-name
2025-05-05 12:22:03 INFO  BasePage:52 - Finding element: By.name: password
2025-05-05 12:22:03 INFO  BasePage:52 - Finding element: By.className: submit-button
2025-05-05 12:22:03 INFO  BaseTest:80 - ******* Tests completed ********
2025-05-05 12:22:03 INFO  LoginPage:23 - Login successful for user: {} By.id: user-name
2025-05-05 12:22:03 INFO  BasePage:52 - Finding element: By.className: title
2025-05-05 12:22:04 INFO  BasePage:87 - Got text 'Products' from element: By.className: title
2025-05-05 12:22:04 INFO  BaseTest:31 - ******* LoginTests started ********
2025-05-05 12:22:04 INFO  BasePage:52 - Finding element: By.id: user-name
2025-05-05 12:22:04 INFO  BasePage:52 - Finding element: By.name: password
2025-05-05 12:22:04 INFO  BasePage:52 - Finding element: By.className: submit-button
2025-05-05 12:22:09 INFO  LoginPage:23 - Login successful for user: {} By.id: user-name
2025-05-05 12:22:09 INFO  BasePage:52 - Finding element: By.className: title
2025-05-05 12:22:09 INFO  BasePage:87 - Got text 'Products' from element: By.className: title
2025-05-05 12:22:09 INFO  BaseTest:80 - ******* Tests completed ********
